2025-11-18 20:58:25 - {
    "message": "SQLSTATE[42S22]: Column not found: 1054 Unknown column 'log_date' in 'WHERE'",
    "file": "\/home\/raiops\/public_html\/config.php",
    "line": 7413,
    "trace": "#0 \/home\/raiops\/public_html\/config.php(7413): PDOStatement->execute(Array)\n#1 \/home\/raiops\/public_html\/admin\/operations\/journey_log.php(24): saveJourneyLogFormData('Amir Hossein Kh...', '2025-11-18', Array)\n#2 {main}",
    "form_data_keys": [
        "pilot_name",
        "selected_date",
        "sector_aircraft_type",
        "sector_aircraft_reg",
        "sector_date",
        "sector1_cm1",
        "sector1_cm2",
        "sector2_cm1",
        "sector2_cm2",
        "sector3_cm1",
        "sector3_cm2",
        "sector4_cm1",
        "sector4_cm2",
        "sector_number",
        "atl_no_1",
        "flight_no_1",
        "from_1",
        "to_1",
        "off_block_1",
        "takeoff_1",
        "landing_1",
        "on_block_1",
        "trip_time_1",
        "flight_time_1",
        "night_time_1",
        "uplift_ltr_1",
        "ramp_fuel_1",
        "arr_fuel_1",
        "total_fuel_1",
        "fuel_page_no_1",
        "atl_no_2",
        "flight_no_2",
        "from_2",
        "to_2",
        "off_block_2",
        "takeoff_2",
        "landing_2",
        "on_block_2",
        "trip_time_2",
        "flight_time_2",
        "night_time_2",
        "uplift_ltr_2",
        "ramp_fuel_2",
        "arr_fuel_2",
        "total_fuel_2",
        "fuel_page_no_2",
        "atl_no_3",
        "flight_no_3",
        "from_3",
        "to_3",
        "off_block_3",
        "takeoff_3",
        "landing_3",
        "on_block_3",
        "trip_time_3",
        "flight_time_3",
        "night_time_3",
        "uplift_ltr_3",
        "ramp_fuel_3",
        "arr_fuel_3",
        "total_fuel_3",
        "fuel_page_no_3",
        "atl_no_4",
        "flight_no_4",
        "from_4",
        "to_4",
        "off_block_4",
        "takeoff_4",
        "landing_4",
        "on_block_4",
        "trip_time_4",
        "flight_time_4",
        "night_time_4",
        "uplift_ltr_4",
        "ramp_fuel_4",
        "arr_fuel_4",
        "total_fuel_4",
        "fuel_page_no_4",
        "crew_rank_1",
        "crew_name_1",
        "crew_national_id_1",
        "reporting_hr_1",
        "reporting_min_1",
        "eng_shutdown_hr_1",
        "eng_shutdown_min_1",
        "fdp_time_1",
        "commander_comments",
        "crew_rank_2",
        "crew_name_2",
        "crew_national_id_2",
        "reporting_hr_2",
        "reporting_min_2",
        "eng_shutdown_hr_2",
        "eng_shutdown_min_2",
        "fdp_time_2",
        "crew_rank_3",
        "crew_name_3",
        "crew_national_id_3",
        "reporting_hr_3",
        "reporting_min_3",
        "eng_shutdown_hr_3",
        "eng_shutdown_min_3",
        "fdp_time_3",
        "crew_rank_4",
        "crew_name_4",
        "crew_national_id_4",
        "reporting_hr_4",
        "reporting_min_4",
        "eng_shutdown_hr_4",
        "eng_shutdown_min_4",
        "fdp_time_4",
        "crew_rank_5",
        "crew_name_5",
        "crew_national_id_5",
        "reporting_hr_5",
        "reporting_min_5",
        "eng_shutdown_hr_5",
        "eng_shutdown_min_5",
        "fdp_time_5",
        "crew_rank_6",
        "crew_name_6",
        "crew_national_id_6",
        "reporting_hr_6",
        "reporting_min_6",
        "eng_shutdown_hr_6",
        "eng_shutdown_min_6",
        "fdp_time_6",
        "commander_signature"
    ],
    "pilot_name": "Amir Hossein Khaki",
    "log_date": "2025-11-18"
}
--------------------------------------------------------------------------------
2025-11-18 21:02:37 - {
    "message": "SQLSTATE[42S22]: Column not found: 1054 Unknown column 'log_date' in 'WHERE'",
    "file": "\/home\/raiops\/public_html\/config.php",
    "line": 7413,
    "trace": "#0 \/home\/raiops\/public_html\/config.php(7413): PDOStatement->execute(Array)\n#1 \/home\/raiops\/public_html\/admin\/operations\/journey_log.php(24): saveJourneyLogFormData('Amir Hossein Kh...', '2025-11-18', Array)\n#2 {main}",
    "form_data_keys": [
        "pilot_name",
        "selected_date",
        "sector_aircraft_type",
        "sector_aircraft_reg",
        "sector_date",
        "sector1_cm1",
        "sector1_cm2",
        "sector2_cm1",
        "sector2_cm2",
        "sector3_cm1",
        "sector3_cm2",
        "sector4_cm1",
        "sector4_cm2",
        "sector_number",
        "atl_no_1",
        "flight_no_1",
        "from_1",
        "to_1",
        "off_block_1",
        "takeoff_1",
        "landing_1",
        "on_block_1",
        "trip_time_1",
        "flight_time_1",
        "night_time_1",
        "uplift_ltr_1",
        "ramp_fuel_1",
        "arr_fuel_1",
        "total_fuel_1",
        "fuel_page_no_1",
        "atl_no_2",
        "flight_no_2",
        "from_2",
        "to_2",
        "off_block_2",
        "takeoff_2",
        "landing_2",
        "on_block_2",
        "trip_time_2",
        "flight_time_2",
        "night_time_2",
        "uplift_ltr_2",
        "ramp_fuel_2",
        "arr_fuel_2",
        "total_fuel_2",
        "fuel_page_no_2",
        "atl_no_3",
        "flight_no_3",
        "from_3",
        "to_3",
        "off_block_3",
        "takeoff_3",
        "landing_3",
        "on_block_3",
        "trip_time_3",
        "flight_time_3",
        "night_time_3",
        "uplift_ltr_3",
        "ramp_fuel_3",
        "arr_fuel_3",
        "total_fuel_3",
        "fuel_page_no_3",
        "atl_no_4",
        "flight_no_4",
        "from_4",
        "to_4",
        "off_block_4",
        "takeoff_4",
        "landing_4",
        "on_block_4",
        "trip_time_4",
        "flight_time_4",
        "night_time_4",
        "uplift_ltr_4",
        "ramp_fuel_4",
        "arr_fuel_4",
        "total_fuel_4",
        "fuel_page_no_4",
        "crew_rank_1",
        "crew_name_1",
        "crew_national_id_1",
        "reporting_hr_1",
        "reporting_min_1",
        "eng_shutdown_hr_1",
        "eng_shutdown_min_1",
        "fdp_time_1",
        "commander_comments",
        "crew_rank_2",
        "crew_name_2",
        "crew_national_id_2",
        "reporting_hr_2",
        "reporting_min_2",
        "eng_shutdown_hr_2",
        "eng_shutdown_min_2",
        "fdp_time_2",
        "crew_rank_3",
        "crew_name_3",
        "crew_national_id_3",
        "reporting_hr_3",
        "reporting_min_3",
        "eng_shutdown_hr_3",
        "eng_shutdown_min_3",
        "fdp_time_3",
        "crew_rank_4",
        "crew_name_4",
        "crew_national_id_4",
        "reporting_hr_4",
        "reporting_min_4",
        "eng_shutdown_hr_4",
        "eng_shutdown_min_4",
        "fdp_time_4",
        "crew_rank_5",
        "crew_name_5",
        "crew_national_id_5",
        "reporting_hr_5",
        "reporting_min_5",
        "eng_shutdown_hr_5",
        "eng_shutdown_min_5",
        "fdp_time_5",
        "crew_rank_6",
        "crew_name_6",
        "crew_national_id_6",
        "reporting_hr_6",
        "reporting_min_6",
        "eng_shutdown_hr_6",
        "eng_shutdown_min_6",
        "fdp_time_6",
        "commander_signature"
    ],
    "pilot_name": "Amir Hossein Khaki",
    "log_date": "2025-11-18"
}
--------------------------------------------------------------------------------
2025-11-18 21:02:53 - {
    "message": "SQLSTATE[42S22]: Column not found: 1054 Unknown column 'log_date' in 'WHERE'",
    "file": "\/home\/raiops\/public_html\/config.php",
    "line": 7413,
    "trace": "#0 \/home\/raiops\/public_html\/config.php(7413): PDOStatement->execute(Array)\n#1 \/home\/raiops\/public_html\/admin\/operations\/journey_log.php(24): saveJourneyLogFormData('Amir Hossein Kh...', '2025-11-18', Array)\n#2 {main}",
    "form_data_keys": [
        "pilot_name",
        "selected_date",
        "sector_aircraft_type",
        "sector_aircraft_reg",
        "sector_date",
        "sector1_cm1",
        "sector1_cm2",
        "sector2_cm1",
        "sector2_cm2",
        "sector3_cm1",
        "sector3_cm2",
        "sector4_cm1",
        "sector4_cm2",
        "sector_number",
        "atl_no_1",
        "flight_no_1",
        "from_1",
        "to_1",
        "off_block_1",
        "takeoff_1",
        "landing_1",
        "on_block_1",
        "trip_time_1",
        "flight_time_1",
        "night_time_1",
        "uplift_ltr_1",
        "ramp_fuel_1",
        "arr_fuel_1",
        "total_fuel_1",
        "fuel_page_no_1",
        "atl_no_2",
        "flight_no_2",
        "from_2",
        "to_2",
        "off_block_2",
        "takeoff_2",
        "landing_2",
        "on_block_2",
        "trip_time_2",
        "flight_time_2",
        "night_time_2",
        "uplift_ltr_2",
        "ramp_fuel_2",
        "arr_fuel_2",
        "total_fuel_2",
        "fuel_page_no_2",
        "atl_no_3",
        "flight_no_3",
        "from_3",
        "to_3",
        "off_block_3",
        "takeoff_3",
        "landing_3",
        "on_block_3",
        "trip_time_3",
        "flight_time_3",
        "night_time_3",
        "uplift_ltr_3",
        "ramp_fuel_3",
        "arr_fuel_3",
        "total_fuel_3",
        "fuel_page_no_3",
        "atl_no_4",
        "flight_no_4",
        "from_4",
        "to_4",
        "off_block_4",
        "takeoff_4",
        "landing_4",
        "on_block_4",
        "trip_time_4",
        "flight_time_4",
        "night_time_4",
        "uplift_ltr_4",
        "ramp_fuel_4",
        "arr_fuel_4",
        "total_fuel_4",
        "fuel_page_no_4",
        "crew_rank_1",
        "crew_name_1",
        "crew_national_id_1",
        "reporting_hr_1",
        "reporting_min_1",
        "eng_shutdown_hr_1",
        "eng_shutdown_min_1",
        "fdp_time_1",
        "commander_comments",
        "crew_rank_2",
        "crew_name_2",
        "crew_national_id_2",
        "reporting_hr_2",
        "reporting_min_2",
        "eng_shutdown_hr_2",
        "eng_shutdown_min_2",
        "fdp_time_2",
        "crew_rank_3",
        "crew_name_3",
        "crew_national_id_3",
        "reporting_hr_3",
        "reporting_min_3",
        "eng_shutdown_hr_3",
        "eng_shutdown_min_3",
        "fdp_time_3",
        "crew_rank_4",
        "crew_name_4",
        "crew_national_id_4",
        "reporting_hr_4",
        "reporting_min_4",
        "eng_shutdown_hr_4",
        "eng_shutdown_min_4",
        "fdp_time_4",
        "crew_rank_5",
        "crew_name_5",
        "crew_national_id_5",
        "reporting_hr_5",
        "reporting_min_5",
        "eng_shutdown_hr_5",
        "eng_shutdown_min_5",
        "fdp_time_5",
        "crew_rank_6",
        "crew_name_6",
        "crew_national_id_6",
        "reporting_hr_6",
        "reporting_min_6",
        "eng_shutdown_hr_6",
        "eng_shutdown_min_6",
        "fdp_time_6",
        "commander_signature"
    ],
    "pilot_name": "Amir Hossein Khaki",
    "log_date": "2025-11-18"
}
--------------------------------------------------------------------------------
2025-11-18 21:06:30 - {
    "message": "Table 'journey_log' does not exist. Please run the SQL migration script first.",
    "file": "\/home\/raiops\/public_html\/config.php",
    "line": 7402,
    "trace": "#0 \/home\/raiops\/public_html\/admin\/operations\/journey_log.php(24): saveJourneyLogFormData('Amir Hossein Kh...', '2025-11-18', Array)\n#1 {main}",
    "form_data_keys": [
        "pilot_name",
        "selected_date",
        "sector_aircraft_type",
        "sector_aircraft_reg",
        "sector_date",
        "sector1_cm1",
        "sector1_cm2",
        "sector2_cm1",
        "sector2_cm2",
        "sector3_cm1",
        "sector3_cm2",
        "sector4_cm1",
        "sector4_cm2",
        "sector_number",
        "atl_no_1",
        "flight_no_1",
        "from_1",
        "to_1",
        "off_block_1",
        "takeoff_1",
        "landing_1",
        "on_block_1",
        "trip_time_1",
        "flight_time_1",
        "night_time_1",
        "uplift_ltr_1",
        "ramp_fuel_1",
        "arr_fuel_1",
        "total_fuel_1",
        "fuel_page_no_1",
        "atl_no_2",
        "flight_no_2",
        "from_2",
        "to_2",
        "off_block_2",
        "takeoff_2",
        "landing_2",
        "on_block_2",
        "trip_time_2",
        "flight_time_2",
        "night_time_2",
        "uplift_ltr_2",
        "ramp_fuel_2",
        "arr_fuel_2",
        "total_fuel_2",
        "fuel_page_no_2",
        "atl_no_3",
        "flight_no_3",
        "from_3",
        "to_3",
        "off_block_3",
        "takeoff_3",
        "landing_3",
        "on_block_3",
        "trip_time_3",
        "flight_time_3",
        "night_time_3",
        "uplift_ltr_3",
        "ramp_fuel_3",
        "arr_fuel_3",
        "total_fuel_3",
        "fuel_page_no_3",
        "atl_no_4",
        "flight_no_4",
        "from_4",
        "to_4",
        "off_block_4",
        "takeoff_4",
        "landing_4",
        "on_block_4",
        "trip_time_4",
        "flight_time_4",
        "night_time_4",
        "uplift_ltr_4",
        "ramp_fuel_4",
        "arr_fuel_4",
        "total_fuel_4",
        "fuel_page_no_4",
        "crew_rank_1",
        "crew_name_1",
        "crew_national_id_1",
        "reporting_hr_1",
        "reporting_min_1",
        "eng_shutdown_hr_1",
        "eng_shutdown_min_1",
        "fdp_time_1",
        "commander_comments",
        "crew_rank_2",
        "crew_name_2",
        "crew_national_id_2",
        "reporting_hr_2",
        "reporting_min_2",
        "eng_shutdown_hr_2",
        "eng_shutdown_min_2",
        "fdp_time_2",
        "crew_rank_3",
        "crew_name_3",
        "crew_national_id_3",
        "reporting_hr_3",
        "reporting_min_3",
        "eng_shutdown_hr_3",
        "eng_shutdown_min_3",
        "fdp_time_3",
        "crew_rank_4",
        "crew_name_4",
        "crew_national_id_4",
        "reporting_hr_4",
        "reporting_min_4",
        "eng_shutdown_hr_4",
        "eng_shutdown_min_4",
        "fdp_time_4",
        "crew_rank_5",
        "crew_name_5",
        "crew_national_id_5",
        "reporting_hr_5",
        "reporting_min_5",
        "eng_shutdown_hr_5",
        "eng_shutdown_min_5",
        "fdp_time_5",
        "crew_rank_6",
        "crew_name_6",
        "crew_national_id_6",
        "reporting_hr_6",
        "reporting_min_6",
        "eng_shutdown_hr_6",
        "eng_shutdown_min_6",
        "fdp_time_6",
        "commander_signature"
    ],
    "pilot_name": "Amir Hossein Khaki",
    "log_date": "2025-11-18"
}
--------------------------------------------------------------------------------
2025-11-18 21:06:35 - {
    "message": "Table 'journey_log' does not exist. Please run the SQL migration script first.",
    "file": "\/home\/raiops\/public_html\/config.php",
    "line": 7402,
    "trace": "#0 \/home\/raiops\/public_html\/admin\/operations\/journey_log.php(24): saveJourneyLogFormData('Amir Hossein Kh...', '2025-11-18', Array)\n#1 {main}",
    "form_data_keys": [
        "pilot_name",
        "selected_date",
        "sector_aircraft_type",
        "sector_aircraft_reg",
        "sector_date",
        "sector1_cm1",
        "sector1_cm2",
        "sector2_cm1",
        "sector2_cm2",
        "sector3_cm1",
        "sector3_cm2",
        "sector4_cm1",
        "sector4_cm2",
        "sector_number",
        "atl_no_1",
        "flight_no_1",
        "from_1",
        "to_1",
        "off_block_1",
        "takeoff_1",
        "landing_1",
        "on_block_1",
        "trip_time_1",
        "flight_time_1",
        "night_time_1",
        "uplift_ltr_1",
        "ramp_fuel_1",
        "arr_fuel_1",
        "total_fuel_1",
        "fuel_page_no_1",
        "atl_no_2",
        "flight_no_2",
        "from_2",
        "to_2",
        "off_block_2",
        "takeoff_2",
        "landing_2",
        "on_block_2",
        "trip_time_2",
        "flight_time_2",
        "night_time_2",
        "uplift_ltr_2",
        "ramp_fuel_2",
        "arr_fuel_2",
        "total_fuel_2",
        "fuel_page_no_2",
        "atl_no_3",
        "flight_no_3",
        "from_3",
        "to_3",
        "off_block_3",
        "takeoff_3",
        "landing_3",
        "on_block_3",
        "trip_time_3",
        "flight_time_3",
        "night_time_3",
        "uplift_ltr_3",
        "ramp_fuel_3",
        "arr_fuel_3",
        "total_fuel_3",
        "fuel_page_no_3",
        "atl_no_4",
        "flight_no_4",
        "from_4",
        "to_4",
        "off_block_4",
        "takeoff_4",
        "landing_4",
        "on_block_4",
        "trip_time_4",
        "flight_time_4",
        "night_time_4",
        "uplift_ltr_4",
        "ramp_fuel_4",
        "arr_fuel_4",
        "total_fuel_4",
        "fuel_page_no_4",
        "crew_rank_1",
        "crew_name_1",
        "crew_national_id_1",
        "reporting_hr_1",
        "reporting_min_1",
        "eng_shutdown_hr_1",
        "eng_shutdown_min_1",
        "fdp_time_1",
        "commander_comments",
        "crew_rank_2",
        "crew_name_2",
        "crew_national_id_2",
        "reporting_hr_2",
        "reporting_min_2",
        "eng_shutdown_hr_2",
        "eng_shutdown_min_2",
        "fdp_time_2",
        "crew_rank_3",
        "crew_name_3",
        "crew_national_id_3",
        "reporting_hr_3",
        "reporting_min_3",
        "eng_shutdown_hr_3",
        "eng_shutdown_min_3",
        "fdp_time_3",
        "crew_rank_4",
        "crew_name_4",
        "crew_national_id_4",
        "reporting_hr_4",
        "reporting_min_4",
        "eng_shutdown_hr_4",
        "eng_shutdown_min_4",
        "fdp_time_4",
        "crew_rank_5",
        "crew_name_5",
        "crew_national_id_5",
        "reporting_hr_5",
        "reporting_min_5",
        "eng_shutdown_hr_5",
        "eng_shutdown_min_5",
        "fdp_time_5",
        "crew_rank_6",
        "crew_name_6",
        "crew_national_id_6",
        "reporting_hr_6",
        "reporting_min_6",
        "eng_shutdown_hr_6",
        "eng_shutdown_min_6",
        "fdp_time_6",
        "commander_signature"
    ],
    "pilot_name": "Amir Hossein Khaki",
    "log_date": "2025-11-18"
}
--------------------------------------------------------------------------------
2025-11-18 21:07:04 - {
    "message": "Table 'journey_log' does not exist. Please run the SQL migration script first.",
    "file": "\/home\/raiops\/public_html\/config.php",
    "line": 7402,
    "trace": "#0 \/home\/raiops\/public_html\/admin\/operations\/journey_log.php(24): saveJourneyLogFormData('Amir Hossein Kh...', '2025-11-18', Array)\n#1 {main}",
    "form_data_keys": [
        "pilot_name",
        "selected_date",
        "sector_aircraft_type",
        "sector_aircraft_reg",
        "sector_date",
        "sector1_cm1",
        "sector1_cm2",
        "sector2_cm1",
        "sector2_cm2",
        "sector3_cm1",
        "sector3_cm2",
        "sector4_cm1",
        "sector4_cm2",
        "sector_number",
        "atl_no_1",
        "flight_no_1",
        "from_1",
        "to_1",
        "off_block_1",
        "takeoff_1",
        "landing_1",
        "on_block_1",
        "trip_time_1",
        "flight_time_1",
        "night_time_1",
        "uplift_ltr_1",
        "ramp_fuel_1",
        "arr_fuel_1",
        "total_fuel_1",
        "fuel_page_no_1",
        "atl_no_2",
        "flight_no_2",
        "from_2",
        "to_2",
        "off_block_2",
        "takeoff_2",
        "landing_2",
        "on_block_2",
        "trip_time_2",
        "flight_time_2",
        "night_time_2",
        "uplift_ltr_2",
        "ramp_fuel_2",
        "arr_fuel_2",
        "total_fuel_2",
        "fuel_page_no_2",
        "atl_no_3",
        "flight_no_3",
        "from_3",
        "to_3",
        "off_block_3",
        "takeoff_3",
        "landing_3",
        "on_block_3",
        "trip_time_3",
        "flight_time_3",
        "night_time_3",
        "uplift_ltr_3",
        "ramp_fuel_3",
        "arr_fuel_3",
        "total_fuel_3",
        "fuel_page_no_3",
        "atl_no_4",
        "flight_no_4",
        "from_4",
        "to_4",
        "off_block_4",
        "takeoff_4",
        "landing_4",
        "on_block_4",
        "trip_time_4",
        "flight_time_4",
        "night_time_4",
        "uplift_ltr_4",
        "ramp_fuel_4",
        "arr_fuel_4",
        "total_fuel_4",
        "fuel_page_no_4",
        "crew_rank_1",
        "crew_name_1",
        "crew_national_id_1",
        "reporting_hr_1",
        "reporting_min_1",
        "eng_shutdown_hr_1",
        "eng_shutdown_min_1",
        "fdp_time_1",
        "commander_comments",
        "crew_rank_2",
        "crew_name_2",
        "crew_national_id_2",
        "reporting_hr_2",
        "reporting_min_2",
        "eng_shutdown_hr_2",
        "eng_shutdown_min_2",
        "fdp_time_2",
        "crew_rank_3",
        "crew_name_3",
        "crew_national_id_3",
        "reporting_hr_3",
        "reporting_min_3",
        "eng_shutdown_hr_3",
        "eng_shutdown_min_3",
        "fdp_time_3",
        "crew_rank_4",
        "crew_name_4",
        "crew_national_id_4",
        "reporting_hr_4",
        "reporting_min_4",
        "eng_shutdown_hr_4",
        "eng_shutdown_min_4",
        "fdp_time_4",
        "crew_rank_5",
        "crew_name_5",
        "crew_national_id_5",
        "reporting_hr_5",
        "reporting_min_5",
        "eng_shutdown_hr_5",
        "eng_shutdown_min_5",
        "fdp_time_5",
        "crew_rank_6",
        "crew_name_6",
        "crew_national_id_6",
        "reporting_hr_6",
        "reporting_min_6",
        "eng_shutdown_hr_6",
        "eng_shutdown_min_6",
        "fdp_time_6",
        "commander_signature"
    ],
    "pilot_name": "Amir Hossein Khaki",
    "log_date": "2025-11-18"
}
--------------------------------------------------------------------------------
2025-11-18 21:08:40 - {
    "message": "Table 'journey_log' does not exist, but old tables exist. Please run 'database\/create_journey_log_table.sql' to create the new table.",
    "file": "\/home\/raiops\/public_html\/config.php",
    "line": 7414,
    "trace": "#0 \/home\/raiops\/public_html\/admin\/operations\/journey_log.php(24): saveJourneyLogFormData('Amir Hossein Kh...', '2025-11-18', Array)\n#1 {main}",
    "form_data_keys": [
        "pilot_name",
        "selected_date",
        "sector_aircraft_type",
        "sector_aircraft_reg",
        "sector_date",
        "sector1_cm1",
        "sector1_cm2",
        "sector2_cm1",
        "sector2_cm2",
        "sector3_cm1",
        "sector3_cm2",
        "sector4_cm1",
        "sector4_cm2",
        "sector_number",
        "atl_no_1",
        "flight_no_1",
        "from_1",
        "to_1",
        "off_block_1",
        "takeoff_1",
        "landing_1",
        "on_block_1",
        "trip_time_1",
        "flight_time_1",
        "night_time_1",
        "uplift_ltr_1",
        "ramp_fuel_1",
        "arr_fuel_1",
        "total_fuel_1",
        "fuel_page_no_1",
        "atl_no_2",
        "flight_no_2",
        "from_2",
        "to_2",
        "off_block_2",
        "takeoff_2",
        "landing_2",
        "on_block_2",
        "trip_time_2",
        "flight_time_2",
        "night_time_2",
        "uplift_ltr_2",
        "ramp_fuel_2",
        "arr_fuel_2",
        "total_fuel_2",
        "fuel_page_no_2",
        "atl_no_3",
        "flight_no_3",
        "from_3",
        "to_3",
        "off_block_3",
        "takeoff_3",
        "landing_3",
        "on_block_3",
        "trip_time_3",
        "flight_time_3",
        "night_time_3",
        "uplift_ltr_3",
        "ramp_fuel_3",
        "arr_fuel_3",
        "total_fuel_3",
        "fuel_page_no_3",
        "atl_no_4",
        "flight_no_4",
        "from_4",
        "to_4",
        "off_block_4",
        "takeoff_4",
        "landing_4",
        "on_block_4",
        "trip_time_4",
        "flight_time_4",
        "night_time_4",
        "uplift_ltr_4",
        "ramp_fuel_4",
        "arr_fuel_4",
        "total_fuel_4",
        "fuel_page_no_4",
        "crew_rank_1",
        "crew_name_1",
        "crew_national_id_1",
        "reporting_hr_1",
        "reporting_min_1",
        "eng_shutdown_hr_1",
        "eng_shutdown_min_1",
        "fdp_time_1",
        "commander_comments",
        "crew_rank_2",
        "crew_name_2",
        "crew_national_id_2",
        "reporting_hr_2",
        "reporting_min_2",
        "eng_shutdown_hr_2",
        "eng_shutdown_min_2",
        "fdp_time_2",
        "crew_rank_3",
        "crew_name_3",
        "crew_national_id_3",
        "reporting_hr_3",
        "reporting_min_3",
        "eng_shutdown_hr_3",
        "eng_shutdown_min_3",
        "fdp_time_3",
        "crew_rank_4",
        "crew_name_4",
        "crew_national_id_4",
        "reporting_hr_4",
        "reporting_min_4",
        "eng_shutdown_hr_4",
        "eng_shutdown_min_4",
        "fdp_time_4",
        "crew_rank_5",
        "crew_name_5",
        "crew_national_id_5",
        "reporting_hr_5",
        "reporting_min_5",
        "eng_shutdown_hr_5",
        "eng_shutdown_min_5",
        "fdp_time_5",
        "crew_rank_6",
        "crew_name_6",
        "crew_national_id_6",
        "reporting_hr_6",
        "reporting_min_6",
        "eng_shutdown_hr_6",
        "eng_shutdown_min_6",
        "fdp_time_6",
        "commander_signature"
    ],
    "pilot_name": "Amir Hossein Khaki",
    "log_date": "2025-11-18"
}
--------------------------------------------------------------------------------
2025-11-18 21:08:48 - {
    "message": "Table 'journey_log' does not exist, but old tables exist. Please run 'database\/create_journey_log_table.sql' to create the new table.",
    "file": "\/home\/raiops\/public_html\/config.php",
    "line": 7414,
    "trace": "#0 \/home\/raiops\/public_html\/admin\/operations\/journey_log.php(24): saveJourneyLogFormData('Amir Hossein Kh...', '2025-11-18', Array)\n#1 {main}",
    "form_data_keys": [
        "pilot_name",
        "selected_date",
        "sector_aircraft_type",
        "sector_aircraft_reg",
        "sector_date",
        "sector1_cm1",
        "sector1_cm2",
        "sector2_cm1",
        "sector2_cm2",
        "sector3_cm1",
        "sector3_cm2",
        "sector4_cm1",
        "sector4_cm2",
        "sector_number",
        "atl_no_1",
        "flight_no_1",
        "from_1",
        "to_1",
        "off_block_1",
        "takeoff_1",
        "landing_1",
        "on_block_1",
        "trip_time_1",
        "flight_time_1",
        "night_time_1",
        "uplift_ltr_1",
        "ramp_fuel_1",
        "arr_fuel_1",
        "total_fuel_1",
        "fuel_page_no_1",
        "atl_no_2",
        "flight_no_2",
        "from_2",
        "to_2",
        "off_block_2",
        "takeoff_2",
        "landing_2",
        "on_block_2",
        "trip_time_2",
        "flight_time_2",
        "night_time_2",
        "uplift_ltr_2",
        "ramp_fuel_2",
        "arr_fuel_2",
        "total_fuel_2",
        "fuel_page_no_2",
        "atl_no_3",
        "flight_no_3",
        "from_3",
        "to_3",
        "off_block_3",
        "takeoff_3",
        "landing_3",
        "on_block_3",
        "trip_time_3",
        "flight_time_3",
        "night_time_3",
        "uplift_ltr_3",
        "ramp_fuel_3",
        "arr_fuel_3",
        "total_fuel_3",
        "fuel_page_no_3",
        "atl_no_4",
        "flight_no_4",
        "from_4",
        "to_4",
        "off_block_4",
        "takeoff_4",
        "landing_4",
        "on_block_4",
        "trip_time_4",
        "flight_time_4",
        "night_time_4",
        "uplift_ltr_4",
        "ramp_fuel_4",
        "arr_fuel_4",
        "total_fuel_4",
        "fuel_page_no_4",
        "crew_rank_1",
        "crew_name_1",
        "crew_national_id_1",
        "reporting_hr_1",
        "reporting_min_1",
        "eng_shutdown_hr_1",
        "eng_shutdown_min_1",
        "fdp_time_1",
        "commander_comments",
        "crew_rank_2",
        "crew_name_2",
        "crew_national_id_2",
        "reporting_hr_2",
        "reporting_min_2",
        "eng_shutdown_hr_2",
        "eng_shutdown_min_2",
        "fdp_time_2",
        "crew_rank_3",
        "crew_name_3",
        "crew_national_id_3",
        "reporting_hr_3",
        "reporting_min_3",
        "eng_shutdown_hr_3",
        "eng_shutdown_min_3",
        "fdp_time_3",
        "crew_rank_4",
        "crew_name_4",
        "crew_national_id_4",
        "reporting_hr_4",
        "reporting_min_4",
        "eng_shutdown_hr_4",
        "eng_shutdown_min_4",
        "fdp_time_4",
        "crew_rank_5",
        "crew_name_5",
        "crew_national_id_5",
        "reporting_hr_5",
        "reporting_min_5",
        "eng_shutdown_hr_5",
        "eng_shutdown_min_5",
        "fdp_time_5",
        "crew_rank_6",
        "crew_name_6",
        "crew_national_id_6",
        "reporting_hr_6",
        "reporting_min_6",
        "eng_shutdown_hr_6",
        "eng_shutdown_min_6",
        "fdp_time_6",
        "commander_signature"
    ],
    "pilot_name": "Amir Hossein Khaki",
    "log_date": "2025-11-18"
}
--------------------------------------------------------------------------------
2025-11-18 21:11:58 - {
    "message": "SQLSTATE[22007]: Invalid datetime format: 1366 Incorrect integer value: '' for column `raiops_data`.`journey_log`.`sector_number` at row 1",
    "file": "\/home\/raiops\/public_html\/config.php",
    "line": 7517,
    "trace": "#0 \/home\/raiops\/public_html\/config.php(7517): PDOStatement->execute(Array)\n#1 \/home\/raiops\/public_html\/admin\/operations\/journey_log.php(24): saveJourneyLogFormData('Amir Hossein Kh...', '2025-11-18', Array)\n#2 {main}",
    "form_data_keys": [
        "pilot_name",
        "selected_date",
        "sector_aircraft_type",
        "sector_aircraft_reg",
        "sector_date",
        "sector1_cm1",
        "sector1_cm2",
        "sector2_cm1",
        "sector2_cm2",
        "sector3_cm1",
        "sector3_cm2",
        "sector4_cm1",
        "sector4_cm2",
        "sector_number",
        "atl_no_1",
        "flight_no_1",
        "from_1",
        "to_1",
        "off_block_1",
        "takeoff_1",
        "landing_1",
        "on_block_1",
        "trip_time_1",
        "flight_time_1",
        "night_time_1",
        "uplift_ltr_1",
        "ramp_fuel_1",
        "arr_fuel_1",
        "total_fuel_1",
        "fuel_page_no_1",
        "atl_no_2",
        "flight_no_2",
        "from_2",
        "to_2",
        "off_block_2",
        "takeoff_2",
        "landing_2",
        "on_block_2",
        "trip_time_2",
        "flight_time_2",
        "night_time_2",
        "uplift_ltr_2",
        "ramp_fuel_2",
        "arr_fuel_2",
        "total_fuel_2",
        "fuel_page_no_2",
        "atl_no_3",
        "flight_no_3",
        "from_3",
        "to_3",
        "off_block_3",
        "takeoff_3",
        "landing_3",
        "on_block_3",
        "trip_time_3",
        "flight_time_3",
        "night_time_3",
        "uplift_ltr_3",
        "ramp_fuel_3",
        "arr_fuel_3",
        "total_fuel_3",
        "fuel_page_no_3",
        "atl_no_4",
        "flight_no_4",
        "from_4",
        "to_4",
        "off_block_4",
        "takeoff_4",
        "landing_4",
        "on_block_4",
        "trip_time_4",
        "flight_time_4",
        "night_time_4",
        "uplift_ltr_4",
        "ramp_fuel_4",
        "arr_fuel_4",
        "total_fuel_4",
        "fuel_page_no_4",
        "crew_rank_1",
        "crew_name_1",
        "crew_national_id_1",
        "reporting_hr_1",
        "reporting_min_1",
        "eng_shutdown_hr_1",
        "eng_shutdown_min_1",
        "fdp_time_1",
        "commander_comments",
        "crew_rank_2",
        "crew_name_2",
        "crew_national_id_2",
        "reporting_hr_2",
        "reporting_min_2",
        "eng_shutdown_hr_2",
        "eng_shutdown_min_2",
        "fdp_time_2",
        "crew_rank_3",
        "crew_name_3",
        "crew_national_id_3",
        "reporting_hr_3",
        "reporting_min_3",
        "eng_shutdown_hr_3",
        "eng_shutdown_min_3",
        "fdp_time_3",
        "crew_rank_4",
        "crew_name_4",
        "crew_national_id_4",
        "reporting_hr_4",
        "reporting_min_4",
        "eng_shutdown_hr_4",
        "eng_shutdown_min_4",
        "fdp_time_4",
        "crew_rank_5",
        "crew_name_5",
        "crew_national_id_5",
        "reporting_hr_5",
        "reporting_min_5",
        "eng_shutdown_hr_5",
        "eng_shutdown_min_5",
        "fdp_time_5",
        "crew_rank_6",
        "crew_name_6",
        "crew_national_id_6",
        "reporting_hr_6",
        "reporting_min_6",
        "eng_shutdown_hr_6",
        "eng_shutdown_min_6",
        "fdp_time_6",
        "commander_signature"
    ],
    "pilot_name": "Amir Hossein Khaki",
    "log_date": "2025-11-18"
}
--------------------------------------------------------------------------------
2025-11-18 21:12:00 - {
    "message": "SQLSTATE[22007]: Invalid datetime format: 1366 Incorrect integer value: '' for column `raiops_data`.`journey_log`.`sector_number` at row 1",
    "file": "\/home\/raiops\/public_html\/config.php",
    "line": 7517,
    "trace": "#0 \/home\/raiops\/public_html\/config.php(7517): PDOStatement->execute(Array)\n#1 \/home\/raiops\/public_html\/admin\/operations\/journey_log.php(24): saveJourneyLogFormData('Amir Hossein Kh...', '2025-11-18', Array)\n#2 {main}",
    "form_data_keys": [
        "pilot_name",
        "selected_date",
        "sector_aircraft_type",
        "sector_aircraft_reg",
        "sector_date",
        "sector1_cm1",
        "sector1_cm2",
        "sector2_cm1",
        "sector2_cm2",
        "sector3_cm1",
        "sector3_cm2",
        "sector4_cm1",
        "sector4_cm2",
        "sector_number",
        "atl_no_1",
        "flight_no_1",
        "from_1",
        "to_1",
        "off_block_1",
        "takeoff_1",
        "landing_1",
        "on_block_1",
        "trip_time_1",
        "flight_time_1",
        "night_time_1",
        "uplift_ltr_1",
        "ramp_fuel_1",
        "arr_fuel_1",
        "total_fuel_1",
        "fuel_page_no_1",
        "atl_no_2",
        "flight_no_2",
        "from_2",
        "to_2",
        "off_block_2",
        "takeoff_2",
        "landing_2",
        "on_block_2",
        "trip_time_2",
        "flight_time_2",
        "night_time_2",
        "uplift_ltr_2",
        "ramp_fuel_2",
        "arr_fuel_2",
        "total_fuel_2",
        "fuel_page_no_2",
        "atl_no_3",
        "flight_no_3",
        "from_3",
        "to_3",
        "off_block_3",
        "takeoff_3",
        "landing_3",
        "on_block_3",
        "trip_time_3",
        "flight_time_3",
        "night_time_3",
        "uplift_ltr_3",
        "ramp_fuel_3",
        "arr_fuel_3",
        "total_fuel_3",
        "fuel_page_no_3",
        "atl_no_4",
        "flight_no_4",
        "from_4",
        "to_4",
        "off_block_4",
        "takeoff_4",
        "landing_4",
        "on_block_4",
        "trip_time_4",
        "flight_time_4",
        "night_time_4",
        "uplift_ltr_4",
        "ramp_fuel_4",
        "arr_fuel_4",
        "total_fuel_4",
        "fuel_page_no_4",
        "crew_rank_1",
        "crew_name_1",
        "crew_national_id_1",
        "reporting_hr_1",
        "reporting_min_1",
        "eng_shutdown_hr_1",
        "eng_shutdown_min_1",
        "fdp_time_1",
        "commander_comments",
        "crew_rank_2",
        "crew_name_2",
        "crew_national_id_2",
        "reporting_hr_2",
        "reporting_min_2",
        "eng_shutdown_hr_2",
        "eng_shutdown_min_2",
        "fdp_time_2",
        "crew_rank_3",
        "crew_name_3",
        "crew_national_id_3",
        "reporting_hr_3",
        "reporting_min_3",
        "eng_shutdown_hr_3",
        "eng_shutdown_min_3",
        "fdp_time_3",
        "crew_rank_4",
        "crew_name_4",
        "crew_national_id_4",
        "reporting_hr_4",
        "reporting_min_4",
        "eng_shutdown_hr_4",
        "eng_shutdown_min_4",
        "fdp_time_4",
        "crew_rank_5",
        "crew_name_5",
        "crew_national_id_5",
        "reporting_hr_5",
        "reporting_min_5",
        "eng_shutdown_hr_5",
        "eng_shutdown_min_5",
        "fdp_time_5",
        "crew_rank_6",
        "crew_name_6",
        "crew_national_id_6",
        "reporting_hr_6",
        "reporting_min_6",
        "eng_shutdown_hr_6",
        "eng_shutdown_min_6",
        "fdp_time_6",
        "commander_signature"
    ],
    "pilot_name": "Amir Hossein Khaki",
    "log_date": "2025-11-18"
}
--------------------------------------------------------------------------------
2025-11-18 21:13:54 - {
    "message": "Error inserting into journey_log: SQLSTATE[22007]: Invalid datetime format: 1366 Incorrect integer value: '' for column `raiops_data`.`journey_log`.`sector_number` at row 1 | SQL State: 22007 | Driver Error: Incorrect integer value: '' for column `raiops_data`.`journey_log`.`sector_number` at row 1 | Check error logs for details.",
    "file": "\/home\/raiops\/public_html\/config.php",
    "line": 7556,
    "trace": "#0 \/home\/raiops\/public_html\/admin\/operations\/journey_log.php(24): saveJourneyLogFormData('Amir Hossein Kh...', '2025-11-18', Array)\n#1 {main}",
    "form_data_keys": [
        "pilot_name",
        "selected_date",
        "sector_aircraft_type",
        "sector_aircraft_reg",
        "sector_date",
        "sector1_cm1",
        "sector1_cm2",
        "sector2_cm1",
        "sector2_cm2",
        "sector3_cm1",
        "sector3_cm2",
        "sector4_cm1",
        "sector4_cm2",
        "sector_number",
        "atl_no_1",
        "flight_no_1",
        "from_1",
        "to_1",
        "off_block_1",
        "takeoff_1",
        "landing_1",
        "on_block_1",
        "trip_time_1",
        "flight_time_1",
        "night_time_1",
        "uplift_ltr_1",
        "ramp_fuel_1",
        "arr_fuel_1",
        "total_fuel_1",
        "fuel_page_no_1",
        "atl_no_2",
        "flight_no_2",
        "from_2",
        "to_2",
        "off_block_2",
        "takeoff_2",
        "landing_2",
        "on_block_2",
        "trip_time_2",
        "flight_time_2",
        "night_time_2",
        "uplift_ltr_2",
        "ramp_fuel_2",
        "arr_fuel_2",
        "total_fuel_2",
        "fuel_page_no_2",
        "atl_no_3",
        "flight_no_3",
        "from_3",
        "to_3",
        "off_block_3",
        "takeoff_3",
        "landing_3",
        "on_block_3",
        "trip_time_3",
        "flight_time_3",
        "night_time_3",
        "uplift_ltr_3",
        "ramp_fuel_3",
        "arr_fuel_3",
        "total_fuel_3",
        "fuel_page_no_3",
        "atl_no_4",
        "flight_no_4",
        "from_4",
        "to_4",
        "off_block_4",
        "takeoff_4",
        "landing_4",
        "on_block_4",
        "trip_time_4",
        "flight_time_4",
        "night_time_4",
        "uplift_ltr_4",
        "ramp_fuel_4",
        "arr_fuel_4",
        "total_fuel_4",
        "fuel_page_no_4",
        "crew_rank_1",
        "crew_name_1",
        "crew_national_id_1",
        "reporting_hr_1",
        "reporting_min_1",
        "eng_shutdown_hr_1",
        "eng_shutdown_min_1",
        "fdp_time_1",
        "commander_comments",
        "crew_rank_2",
        "crew_name_2",
        "crew_national_id_2",
        "reporting_hr_2",
        "reporting_min_2",
        "eng_shutdown_hr_2",
        "eng_shutdown_min_2",
        "fdp_time_2",
        "crew_rank_3",
        "crew_name_3",
        "crew_national_id_3",
        "reporting_hr_3",
        "reporting_min_3",
        "eng_shutdown_hr_3",
        "eng_shutdown_min_3",
        "fdp_time_3",
        "crew_rank_4",
        "crew_name_4",
        "crew_national_id_4",
        "reporting_hr_4",
        "reporting_min_4",
        "eng_shutdown_hr_4",
        "eng_shutdown_min_4",
        "fdp_time_4",
        "crew_rank_5",
        "crew_name_5",
        "crew_national_id_5",
        "reporting_hr_5",
        "reporting_min_5",
        "eng_shutdown_hr_5",
        "eng_shutdown_min_5",
        "fdp_time_5",
        "crew_rank_6",
        "crew_name_6",
        "crew_national_id_6",
        "reporting_hr_6",
        "reporting_min_6",
        "eng_shutdown_hr_6",
        "eng_shutdown_min_6",
        "fdp_time_6",
        "commander_signature"
    ],
    "pilot_name": "Amir Hossein Khaki",
    "log_date": "2025-11-18"
}
--------------------------------------------------------------------------------
2025-11-18 21:13:55 - {
    "message": "Error inserting into journey_log: SQLSTATE[22007]: Invalid datetime format: 1366 Incorrect integer value: '' for column `raiops_data`.`journey_log`.`sector_number` at row 1 | SQL State: 22007 | Driver Error: Incorrect integer value: '' for column `raiops_data`.`journey_log`.`sector_number` at row 1 | Check error logs for details.",
    "file": "\/home\/raiops\/public_html\/config.php",
    "line": 7556,
    "trace": "#0 \/home\/raiops\/public_html\/admin\/operations\/journey_log.php(24): saveJourneyLogFormData('Amir Hossein Kh...', '2025-11-18', Array)\n#1 {main}",
    "form_data_keys": [
        "pilot_name",
        "selected_date",
        "sector_aircraft_type",
        "sector_aircraft_reg",
        "sector_date",
        "sector1_cm1",
        "sector1_cm2",
        "sector2_cm1",
        "sector2_cm2",
        "sector3_cm1",
        "sector3_cm2",
        "sector4_cm1",
        "sector4_cm2",
        "sector_number",
        "atl_no_1",
        "flight_no_1",
        "from_1",
        "to_1",
        "off_block_1",
        "takeoff_1",
        "landing_1",
        "on_block_1",
        "trip_time_1",
        "flight_time_1",
        "night_time_1",
        "uplift_ltr_1",
        "ramp_fuel_1",
        "arr_fuel_1",
        "total_fuel_1",
        "fuel_page_no_1",
        "atl_no_2",
        "flight_no_2",
        "from_2",
        "to_2",
        "off_block_2",
        "takeoff_2",
        "landing_2",
        "on_block_2",
        "trip_time_2",
        "flight_time_2",
        "night_time_2",
        "uplift_ltr_2",
        "ramp_fuel_2",
        "arr_fuel_2",
        "total_fuel_2",
        "fuel_page_no_2",
        "atl_no_3",
        "flight_no_3",
        "from_3",
        "to_3",
        "off_block_3",
        "takeoff_3",
        "landing_3",
        "on_block_3",
        "trip_time_3",
        "flight_time_3",
        "night_time_3",
        "uplift_ltr_3",
        "ramp_fuel_3",
        "arr_fuel_3",
        "total_fuel_3",
        "fuel_page_no_3",
        "atl_no_4",
        "flight_no_4",
        "from_4",
        "to_4",
        "off_block_4",
        "takeoff_4",
        "landing_4",
        "on_block_4",
        "trip_time_4",
        "flight_time_4",
        "night_time_4",
        "uplift_ltr_4",
        "ramp_fuel_4",
        "arr_fuel_4",
        "total_fuel_4",
        "fuel_page_no_4",
        "crew_rank_1",
        "crew_name_1",
        "crew_national_id_1",
        "reporting_hr_1",
        "reporting_min_1",
        "eng_shutdown_hr_1",
        "eng_shutdown_min_1",
        "fdp_time_1",
        "commander_comments",
        "crew_rank_2",
        "crew_name_2",
        "crew_national_id_2",
        "reporting_hr_2",
        "reporting_min_2",
        "eng_shutdown_hr_2",
        "eng_shutdown_min_2",
        "fdp_time_2",
        "crew_rank_3",
        "crew_name_3",
        "crew_national_id_3",
        "reporting_hr_3",
        "reporting_min_3",
        "eng_shutdown_hr_3",
        "eng_shutdown_min_3",
        "fdp_time_3",
        "crew_rank_4",
        "crew_name_4",
        "crew_national_id_4",
        "reporting_hr_4",
        "reporting_min_4",
        "eng_shutdown_hr_4",
        "eng_shutdown_min_4",
        "fdp_time_4",
        "crew_rank_5",
        "crew_name_5",
        "crew_national_id_5",
        "reporting_hr_5",
        "reporting_min_5",
        "eng_shutdown_hr_5",
        "eng_shutdown_min_5",
        "fdp_time_5",
        "crew_rank_6",
        "crew_name_6",
        "crew_national_id_6",
        "reporting_hr_6",
        "reporting_min_6",
        "eng_shutdown_hr_6",
        "eng_shutdown_min_6",
        "fdp_time_6",
        "commander_signature"
    ],
    "pilot_name": "Amir Hossein Khaki",
    "log_date": "2025-11-18"
}
--------------------------------------------------------------------------------
2025-11-18 21:13:57 - {
    "message": "Error inserting into journey_log: SQLSTATE[22007]: Invalid datetime format: 1366 Incorrect integer value: '' for column `raiops_data`.`journey_log`.`sector_number` at row 1 | SQL State: 22007 | Driver Error: Incorrect integer value: '' for column `raiops_data`.`journey_log`.`sector_number` at row 1 | Check error logs for details.",
    "file": "\/home\/raiops\/public_html\/config.php",
    "line": 7556,
    "trace": "#0 \/home\/raiops\/public_html\/admin\/operations\/journey_log.php(24): saveJourneyLogFormData('Amir Hossein Kh...', '2025-11-18', Array)\n#1 {main}",
    "form_data_keys": [
        "pilot_name",
        "selected_date",
        "sector_aircraft_type",
        "sector_aircraft_reg",
        "sector_date",
        "sector1_cm1",
        "sector1_cm2",
        "sector2_cm1",
        "sector2_cm2",
        "sector3_cm1",
        "sector3_cm2",
        "sector4_cm1",
        "sector4_cm2",
        "sector_number",
        "atl_no_1",
        "flight_no_1",
        "from_1",
        "to_1",
        "off_block_1",
        "takeoff_1",
        "landing_1",
        "on_block_1",
        "trip_time_1",
        "flight_time_1",
        "night_time_1",
        "uplift_ltr_1",
        "ramp_fuel_1",
        "arr_fuel_1",
        "total_fuel_1",
        "fuel_page_no_1",
        "atl_no_2",
        "flight_no_2",
        "from_2",
        "to_2",
        "off_block_2",
        "takeoff_2",
        "landing_2",
        "on_block_2",
        "trip_time_2",
        "flight_time_2",
        "night_time_2",
        "uplift_ltr_2",
        "ramp_fuel_2",
        "arr_fuel_2",
        "total_fuel_2",
        "fuel_page_no_2",
        "atl_no_3",
        "flight_no_3",
        "from_3",
        "to_3",
        "off_block_3",
        "takeoff_3",
        "landing_3",
        "on_block_3",
        "trip_time_3",
        "flight_time_3",
        "night_time_3",
        "uplift_ltr_3",
        "ramp_fuel_3",
        "arr_fuel_3",
        "total_fuel_3",
        "fuel_page_no_3",
        "atl_no_4",
        "flight_no_4",
        "from_4",
        "to_4",
        "off_block_4",
        "takeoff_4",
        "landing_4",
        "on_block_4",
        "trip_time_4",
        "flight_time_4",
        "night_time_4",
        "uplift_ltr_4",
        "ramp_fuel_4",
        "arr_fuel_4",
        "total_fuel_4",
        "fuel_page_no_4",
        "crew_rank_1",
        "crew_name_1",
        "crew_national_id_1",
        "reporting_hr_1",
        "reporting_min_1",
        "eng_shutdown_hr_1",
        "eng_shutdown_min_1",
        "fdp_time_1",
        "commander_comments",
        "crew_rank_2",
        "crew_name_2",
        "crew_national_id_2",
        "reporting_hr_2",
        "reporting_min_2",
        "eng_shutdown_hr_2",
        "eng_shutdown_min_2",
        "fdp_time_2",
        "crew_rank_3",
        "crew_name_3",
        "crew_national_id_3",
        "reporting_hr_3",
        "reporting_min_3",
        "eng_shutdown_hr_3",
        "eng_shutdown_min_3",
        "fdp_time_3",
        "crew_rank_4",
        "crew_name_4",
        "crew_national_id_4",
        "reporting_hr_4",
        "reporting_min_4",
        "eng_shutdown_hr_4",
        "eng_shutdown_min_4",
        "fdp_time_4",
        "crew_rank_5",
        "crew_name_5",
        "crew_national_id_5",
        "reporting_hr_5",
        "reporting_min_5",
        "eng_shutdown_hr_5",
        "eng_shutdown_min_5",
        "fdp_time_5",
        "crew_rank_6",
        "crew_name_6",
        "crew_national_id_6",
        "reporting_hr_6",
        "reporting_min_6",
        "eng_shutdown_hr_6",
        "eng_shutdown_min_6",
        "fdp_time_6",
        "commander_signature"
    ],
    "pilot_name": "Amir Hossein Khaki",
    "log_date": "2025-11-18"
}
--------------------------------------------------------------------------------
2025-11-18 21:14:07 - {
    "message": "Error inserting into journey_log: SQLSTATE[22007]: Invalid datetime format: 1366 Incorrect integer value: '' for column `raiops_data`.`journey_log`.`sector_number` at row 1 | SQL State: 22007 | Driver Error: Incorrect integer value: '' for column `raiops_data`.`journey_log`.`sector_number` at row 1 | Check error logs for details.",
    "file": "\/home\/raiops\/public_html\/config.php",
    "line": 7556,
    "trace": "#0 \/home\/raiops\/public_html\/admin\/operations\/journey_log.php(24): saveJourneyLogFormData('Amir Hossein Kh...', '2025-11-18', Array)\n#1 {main}",
    "form_data_keys": [
        "pilot_name",
        "selected_date",
        "sector_aircraft_type",
        "sector_aircraft_reg",
        "sector_date",
        "sector1_cm1",
        "sector1_cm2",
        "sector2_cm1",
        "sector2_cm2",
        "sector3_cm1",
        "sector3_cm2",
        "sector4_cm1",
        "sector4_cm2",
        "sector_number",
        "atl_no_1",
        "flight_no_1",
        "from_1",
        "to_1",
        "off_block_1",
        "takeoff_1",
        "landing_1",
        "on_block_1",
        "trip_time_1",
        "flight_time_1",
        "night_time_1",
        "uplift_ltr_1",
        "ramp_fuel_1",
        "arr_fuel_1",
        "total_fuel_1",
        "fuel_page_no_1",
        "atl_no_2",
        "flight_no_2",
        "from_2",
        "to_2",
        "off_block_2",
        "takeoff_2",
        "landing_2",
        "on_block_2",
        "trip_time_2",
        "flight_time_2",
        "night_time_2",
        "uplift_ltr_2",
        "ramp_fuel_2",
        "arr_fuel_2",
        "total_fuel_2",
        "fuel_page_no_2",
        "atl_no_3",
        "flight_no_3",
        "from_3",
        "to_3",
        "off_block_3",
        "takeoff_3",
        "landing_3",
        "on_block_3",
        "trip_time_3",
        "flight_time_3",
        "night_time_3",
        "uplift_ltr_3",
        "ramp_fuel_3",
        "arr_fuel_3",
        "total_fuel_3",
        "fuel_page_no_3",
        "atl_no_4",
        "flight_no_4",
        "from_4",
        "to_4",
        "off_block_4",
        "takeoff_4",
        "landing_4",
        "on_block_4",
        "trip_time_4",
        "flight_time_4",
        "night_time_4",
        "uplift_ltr_4",
        "ramp_fuel_4",
        "arr_fuel_4",
        "total_fuel_4",
        "fuel_page_no_4",
        "crew_rank_1",
        "crew_name_1",
        "crew_national_id_1",
        "reporting_hr_1",
        "reporting_min_1",
        "eng_shutdown_hr_1",
        "eng_shutdown_min_1",
        "fdp_time_1",
        "commander_comments",
        "crew_rank_2",
        "crew_name_2",
        "crew_national_id_2",
        "reporting_hr_2",
        "reporting_min_2",
        "eng_shutdown_hr_2",
        "eng_shutdown_min_2",
        "fdp_time_2",
        "crew_rank_3",
        "crew_name_3",
        "crew_national_id_3",
        "reporting_hr_3",
        "reporting_min_3",
        "eng_shutdown_hr_3",
        "eng_shutdown_min_3",
        "fdp_time_3",
        "crew_rank_4",
        "crew_name_4",
        "crew_national_id_4",
        "reporting_hr_4",
        "reporting_min_4",
        "eng_shutdown_hr_4",
        "eng_shutdown_min_4",
        "fdp_time_4",
        "crew_rank_5",
        "crew_name_5",
        "crew_national_id_5",
        "reporting_hr_5",
        "reporting_min_5",
        "eng_shutdown_hr_5",
        "eng_shutdown_min_5",
        "fdp_time_5",
        "crew_rank_6",
        "crew_name_6",
        "crew_national_id_6",
        "reporting_hr_6",
        "reporting_min_6",
        "eng_shutdown_hr_6",
        "eng_shutdown_min_6",
        "fdp_time_6",
        "commander_signature"
    ],
    "pilot_name": "Amir Hossein Khaki",
    "log_date": "2025-11-18"
}
--------------------------------------------------------------------------------
2025-11-18 21:15:00 - {
    "message": "Error inserting into journey_log: SQLSTATE[22007]: Invalid datetime format: 1366 Incorrect integer value: '' for column `raiops_data`.`journey_log`.`sector_number` at row 1 | SQL State: 22007 | Driver Error: Incorrect integer value: '' for column `raiops_data`.`journey_log`.`sector_number` at row 1 | Check error logs for details.",
    "file": "\/home\/raiops\/public_html\/config.php",
    "line": 7556,
    "trace": "#0 \/home\/raiops\/public_html\/admin\/operations\/journey_log.php(24): saveJourneyLogFormData('Amir Hossein Kh...', '2025-11-18', Array)\n#1 {main}",
    "form_data_keys": [
        "pilot_name",
        "selected_date",
        "sector_aircraft_type",
        "sector_aircraft_reg",
        "sector_date",
        "sector1_cm1",
        "sector1_cm2",
        "sector2_cm1",
        "sector2_cm2",
        "sector3_cm1",
        "sector3_cm2",
        "sector4_cm1",
        "sector4_cm2",
        "sector_number",
        "atl_no_1",
        "flight_no_1",
        "from_1",
        "to_1",
        "off_block_1",
        "takeoff_1",
        "landing_1",
        "on_block_1",
        "trip_time_1",
        "flight_time_1",
        "night_time_1",
        "uplift_ltr_1",
        "ramp_fuel_1",
        "arr_fuel_1",
        "total_fuel_1",
        "fuel_page_no_1",
        "atl_no_2",
        "flight_no_2",
        "from_2",
        "to_2",
        "off_block_2",
        "takeoff_2",
        "landing_2",
        "on_block_2",
        "trip_time_2",
        "flight_time_2",
        "night_time_2",
        "uplift_ltr_2",
        "ramp_fuel_2",
        "arr_fuel_2",
        "total_fuel_2",
        "fuel_page_no_2",
        "atl_no_3",
        "flight_no_3",
        "from_3",
        "to_3",
        "off_block_3",
        "takeoff_3",
        "landing_3",
        "on_block_3",
        "trip_time_3",
        "flight_time_3",
        "night_time_3",
        "uplift_ltr_3",
        "ramp_fuel_3",
        "arr_fuel_3",
        "total_fuel_3",
        "fuel_page_no_3",
        "atl_no_4",
        "flight_no_4",
        "from_4",
        "to_4",
        "off_block_4",
        "takeoff_4",
        "landing_4",
        "on_block_4",
        "trip_time_4",
        "flight_time_4",
        "night_time_4",
        "uplift_ltr_4",
        "ramp_fuel_4",
        "arr_fuel_4",
        "total_fuel_4",
        "fuel_page_no_4",
        "crew_rank_1",
        "crew_name_1",
        "crew_national_id_1",
        "reporting_hr_1",
        "reporting_min_1",
        "eng_shutdown_hr_1",
        "eng_shutdown_min_1",
        "fdp_time_1",
        "commander_comments",
        "crew_rank_2",
        "crew_name_2",
        "crew_national_id_2",
        "reporting_hr_2",
        "reporting_min_2",
        "eng_shutdown_hr_2",
        "eng_shutdown_min_2",
        "fdp_time_2",
        "crew_rank_3",
        "crew_name_3",
        "crew_national_id_3",
        "reporting_hr_3",
        "reporting_min_3",
        "eng_shutdown_hr_3",
        "eng_shutdown_min_3",
        "fdp_time_3",
        "crew_rank_4",
        "crew_name_4",
        "crew_national_id_4",
        "reporting_hr_4",
        "reporting_min_4",
        "eng_shutdown_hr_4",
        "eng_shutdown_min_4",
        "fdp_time_4",
        "crew_rank_5",
        "crew_name_5",
        "crew_national_id_5",
        "reporting_hr_5",
        "reporting_min_5",
        "eng_shutdown_hr_5",
        "eng_shutdown_min_5",
        "fdp_time_5",
        "crew_rank_6",
        "crew_name_6",
        "crew_national_id_6",
        "reporting_hr_6",
        "reporting_min_6",
        "eng_shutdown_hr_6",
        "eng_shutdown_min_6",
        "fdp_time_6",
        "commander_signature"
    ],
    "pilot_name": "Amir Hossein Khaki",
    "log_date": "2025-11-18"
}
--------------------------------------------------------------------------------
2025-11-18 21:15:01 - {
    "message": "Error inserting into journey_log: SQLSTATE[22007]: Invalid datetime format: 1366 Incorrect integer value: '' for column `raiops_data`.`journey_log`.`sector_number` at row 1 | SQL State: 22007 | Driver Error: Incorrect integer value: '' for column `raiops_data`.`journey_log`.`sector_number` at row 1 | Check error logs for details.",
    "file": "\/home\/raiops\/public_html\/config.php",
    "line": 7556,
    "trace": "#0 \/home\/raiops\/public_html\/admin\/operations\/journey_log.php(24): saveJourneyLogFormData('Amir Hossein Kh...', '2025-11-18', Array)\n#1 {main}",
    "form_data_keys": [
        "pilot_name",
        "selected_date",
        "sector_aircraft_type",
        "sector_aircraft_reg",
        "sector_date",
        "sector1_cm1",
        "sector1_cm2",
        "sector2_cm1",
        "sector2_cm2",
        "sector3_cm1",
        "sector3_cm2",
        "sector4_cm1",
        "sector4_cm2",
        "sector_number",
        "atl_no_1",
        "flight_no_1",
        "from_1",
        "to_1",
        "off_block_1",
        "takeoff_1",
        "landing_1",
        "on_block_1",
        "trip_time_1",
        "flight_time_1",
        "night_time_1",
        "uplift_ltr_1",
        "ramp_fuel_1",
        "arr_fuel_1",
        "total_fuel_1",
        "fuel_page_no_1",
        "atl_no_2",
        "flight_no_2",
        "from_2",
        "to_2",
        "off_block_2",
        "takeoff_2",
        "landing_2",
        "on_block_2",
        "trip_time_2",
        "flight_time_2",
        "night_time_2",
        "uplift_ltr_2",
        "ramp_fuel_2",
        "arr_fuel_2",
        "total_fuel_2",
        "fuel_page_no_2",
        "atl_no_3",
        "flight_no_3",
        "from_3",
        "to_3",
        "off_block_3",
        "takeoff_3",
        "landing_3",
        "on_block_3",
        "trip_time_3",
        "flight_time_3",
        "night_time_3",
        "uplift_ltr_3",
        "ramp_fuel_3",
        "arr_fuel_3",
        "total_fuel_3",
        "fuel_page_no_3",
        "atl_no_4",
        "flight_no_4",
        "from_4",
        "to_4",
        "off_block_4",
        "takeoff_4",
        "landing_4",
        "on_block_4",
        "trip_time_4",
        "flight_time_4",
        "night_time_4",
        "uplift_ltr_4",
        "ramp_fuel_4",
        "arr_fuel_4",
        "total_fuel_4",
        "fuel_page_no_4",
        "crew_rank_1",
        "crew_name_1",
        "crew_national_id_1",
        "reporting_hr_1",
        "reporting_min_1",
        "eng_shutdown_hr_1",
        "eng_shutdown_min_1",
        "fdp_time_1",
        "commander_comments",
        "crew_rank_2",
        "crew_name_2",
        "crew_national_id_2",
        "reporting_hr_2",
        "reporting_min_2",
        "eng_shutdown_hr_2",
        "eng_shutdown_min_2",
        "fdp_time_2",
        "crew_rank_3",
        "crew_name_3",
        "crew_national_id_3",
        "reporting_hr_3",
        "reporting_min_3",
        "eng_shutdown_hr_3",
        "eng_shutdown_min_3",
        "fdp_time_3",
        "crew_rank_4",
        "crew_name_4",
        "crew_national_id_4",
        "reporting_hr_4",
        "reporting_min_4",
        "eng_shutdown_hr_4",
        "eng_shutdown_min_4",
        "fdp_time_4",
        "crew_rank_5",
        "crew_name_5",
        "crew_national_id_5",
        "reporting_hr_5",
        "reporting_min_5",
        "eng_shutdown_hr_5",
        "eng_shutdown_min_5",
        "fdp_time_5",
        "crew_rank_6",
        "crew_name_6",
        "crew_national_id_6",
        "reporting_hr_6",
        "reporting_min_6",
        "eng_shutdown_hr_6",
        "eng_shutdown_min_6",
        "fdp_time_6",
        "commander_signature"
    ],
    "pilot_name": "Amir Hossein Khaki",
    "log_date": "2025-11-18"
}
--------------------------------------------------------------------------------
2025-11-18 21:17:02 - {
    "message": "Error inserting into journey_log: SQLSTATE[22007]: Invalid datetime format: 1366 Incorrect integer value: '' for column `raiops_data`.`journey_log`.`sector_number` at row 1 | SQL State: 22007 | Driver Error: Incorrect integer value: '' for column `raiops_data`.`journey_log`.`sector_number` at row 1 | Check error logs for details.",
    "file": "\/home\/raiops\/public_html\/config.php",
    "line": 7556,
    "trace": "#0 \/home\/raiops\/public_html\/admin\/operations\/journey_log.php(24): saveJourneyLogFormData('Amir Hossein Kh...', '2025-11-18', Array)\n#1 {main}",
    "form_data_keys": [
        "pilot_name",
        "selected_date",
        "sector_aircraft_type",
        "sector_aircraft_reg",
        "sector_date",
        "sector1_cm1",
        "sector1_cm2",
        "sector2_cm1",
        "sector2_cm2",
        "sector3_cm1",
        "sector3_cm2",
        "sector4_cm1",
        "sector4_cm2",
        "sector_number",
        "atl_no_1",
        "flight_no_1",
        "from_1",
        "to_1",
        "off_block_1",
        "takeoff_1",
        "landing_1",
        "on_block_1",
        "trip_time_1",
        "flight_time_1",
        "night_time_1",
        "uplift_ltr_1",
        "ramp_fuel_1",
        "arr_fuel_1",
        "total_fuel_1",
        "fuel_page_no_1",
        "atl_no_2",
        "flight_no_2",
        "from_2",
        "to_2",
        "off_block_2",
        "takeoff_2",
        "landing_2",
        "on_block_2",
        "trip_time_2",
        "flight_time_2",
        "night_time_2",
        "uplift_ltr_2",
        "ramp_fuel_2",
        "arr_fuel_2",
        "total_fuel_2",
        "fuel_page_no_2",
        "atl_no_3",
        "flight_no_3",
        "from_3",
        "to_3",
        "off_block_3",
        "takeoff_3",
        "landing_3",
        "on_block_3",
        "trip_time_3",
        "flight_time_3",
        "night_time_3",
        "uplift_ltr_3",
        "ramp_fuel_3",
        "arr_fuel_3",
        "total_fuel_3",
        "fuel_page_no_3",
        "atl_no_4",
        "flight_no_4",
        "from_4",
        "to_4",
        "off_block_4",
        "takeoff_4",
        "landing_4",
        "on_block_4",
        "trip_time_4",
        "flight_time_4",
        "night_time_4",
        "uplift_ltr_4",
        "ramp_fuel_4",
        "arr_fuel_4",
        "total_fuel_4",
        "fuel_page_no_4",
        "crew_rank_1",
        "crew_name_1",
        "crew_national_id_1",
        "reporting_hr_1",
        "reporting_min_1",
        "eng_shutdown_hr_1",
        "eng_shutdown_min_1",
        "fdp_time_1",
        "commander_comments",
        "crew_rank_2",
        "crew_name_2",
        "crew_national_id_2",
        "reporting_hr_2",
        "reporting_min_2",
        "eng_shutdown_hr_2",
        "eng_shutdown_min_2",
        "fdp_time_2",
        "crew_rank_3",
        "crew_name_3",
        "crew_national_id_3",
        "reporting_hr_3",
        "reporting_min_3",
        "eng_shutdown_hr_3",
        "eng_shutdown_min_3",
        "fdp_time_3",
        "crew_rank_4",
        "crew_name_4",
        "crew_national_id_4",
        "reporting_hr_4",
        "reporting_min_4",
        "eng_shutdown_hr_4",
        "eng_shutdown_min_4",
        "fdp_time_4",
        "crew_rank_5",
        "crew_name_5",
        "crew_national_id_5",
        "reporting_hr_5",
        "reporting_min_5",
        "eng_shutdown_hr_5",
        "eng_shutdown_min_5",
        "fdp_time_5",
        "crew_rank_6",
        "crew_name_6",
        "crew_national_id_6",
        "reporting_hr_6",
        "reporting_min_6",
        "eng_shutdown_hr_6",
        "eng_shutdown_min_6",
        "fdp_time_6",
        "commander_signature"
    ],
    "pilot_name": "Amir Hossein Khaki",
    "log_date": "2025-11-18"
}
--------------------------------------------------------------------------------
2025-11-18 21:18:56 - {
    "message": "Error inserting into journey_log: SQLSTATE[22007]: Invalid datetime format: 1366 Incorrect integer value: '' for column `raiops_data`.`journey_log`.`sector_number` at row 1 | SQL State: 22007 | Driver Error: Incorrect integer value: '' for column `raiops_data`.`journey_log`.`sector_number` at row 1 | Check error logs for details.",
    "file": "\/home\/raiops\/public_html\/config.php",
    "line": 7559,
    "trace": "#0 \/home\/raiops\/public_html\/admin\/operations\/journey_log.php(24): saveJourneyLogFormData('Amir Hossein Kh...', '2025-11-18', Array)\n#1 {main}",
    "form_data_keys": [
        "pilot_name",
        "selected_date",
        "sector_aircraft_type",
        "sector_aircraft_reg",
        "sector_date",
        "sector1_cm1",
        "sector1_cm2",
        "sector2_cm1",
        "sector2_cm2",
        "sector3_cm1",
        "sector3_cm2",
        "sector4_cm1",
        "sector4_cm2",
        "sector_number",
        "atl_no_1",
        "flight_no_1",
        "from_1",
        "to_1",
        "off_block_1",
        "takeoff_1",
        "landing_1",
        "on_block_1",
        "trip_time_1",
        "flight_time_1",
        "night_time_1",
        "uplift_ltr_1",
        "ramp_fuel_1",
        "arr_fuel_1",
        "total_fuel_1",
        "fuel_page_no_1",
        "atl_no_2",
        "flight_no_2",
        "from_2",
        "to_2",
        "off_block_2",
        "takeoff_2",
        "landing_2",
        "on_block_2",
        "trip_time_2",
        "flight_time_2",
        "night_time_2",
        "uplift_ltr_2",
        "ramp_fuel_2",
        "arr_fuel_2",
        "total_fuel_2",
        "fuel_page_no_2",
        "atl_no_3",
        "flight_no_3",
        "from_3",
        "to_3",
        "off_block_3",
        "takeoff_3",
        "landing_3",
        "on_block_3",
        "trip_time_3",
        "flight_time_3",
        "night_time_3",
        "uplift_ltr_3",
        "ramp_fuel_3",
        "arr_fuel_3",
        "total_fuel_3",
        "fuel_page_no_3",
        "atl_no_4",
        "flight_no_4",
        "from_4",
        "to_4",
        "off_block_4",
        "takeoff_4",
        "landing_4",
        "on_block_4",
        "trip_time_4",
        "flight_time_4",
        "night_time_4",
        "uplift_ltr_4",
        "ramp_fuel_4",
        "arr_fuel_4",
        "total_fuel_4",
        "fuel_page_no_4",
        "crew_rank_1",
        "crew_name_1",
        "crew_national_id_1",
        "reporting_hr_1",
        "reporting_min_1",
        "eng_shutdown_hr_1",
        "eng_shutdown_min_1",
        "fdp_time_1",
        "commander_comments",
        "crew_rank_2",
        "crew_name_2",
        "crew_national_id_2",
        "reporting_hr_2",
        "reporting_min_2",
        "eng_shutdown_hr_2",
        "eng_shutdown_min_2",
        "fdp_time_2",
        "crew_rank_3",
        "crew_name_3",
        "crew_national_id_3",
        "reporting_hr_3",
        "reporting_min_3",
        "eng_shutdown_hr_3",
        "eng_shutdown_min_3",
        "fdp_time_3",
        "crew_rank_4",
        "crew_name_4",
        "crew_national_id_4",
        "reporting_hr_4",
        "reporting_min_4",
        "eng_shutdown_hr_4",
        "eng_shutdown_min_4",
        "fdp_time_4",
        "crew_rank_5",
        "crew_name_5",
        "crew_national_id_5",
        "reporting_hr_5",
        "reporting_min_5",
        "eng_shutdown_hr_5",
        "eng_shutdown_min_5",
        "fdp_time_5",
        "crew_rank_6",
        "crew_name_6",
        "crew_national_id_6",
        "reporting_hr_6",
        "reporting_min_6",
        "eng_shutdown_hr_6",
        "eng_shutdown_min_6",
        "fdp_time_6",
        "commander_signature"
    ],
    "pilot_name": "Amir Hossein Khaki",
    "log_date": "2025-11-18"
}
--------------------------------------------------------------------------------
2025-11-18 21:19:29 - {
    "message": "Error inserting into journey_log: SQLSTATE[22007]: Invalid datetime format: 1366 Incorrect integer value: '' for column `raiops_data`.`journey_log`.`sector_number` at row 1 | SQL State: 22007 | Driver Error: Incorrect integer value: '' for column `raiops_data`.`journey_log`.`sector_number` at row 1 | Check error logs for details.",
    "file": "\/home\/raiops\/public_html\/config.php",
    "line": 7559,
    "trace": "#0 \/home\/raiops\/public_html\/admin\/operations\/journey_log.php(24): saveJourneyLogFormData('Amir Hossein Kh...', '2025-11-18', Array)\n#1 {main}",
    "form_data_keys": [
        "pilot_name",
        "selected_date",
        "sector_aircraft_type",
        "sector_aircraft_reg",
        "sector_date",
        "sector1_cm1",
        "sector1_cm2",
        "sector2_cm1",
        "sector2_cm2",
        "sector3_cm1",
        "sector3_cm2",
        "sector4_cm1",
        "sector4_cm2",
        "sector_number",
        "atl_no_1",
        "flight_no_1",
        "from_1",
        "to_1",
        "off_block_1",
        "takeoff_1",
        "landing_1",
        "on_block_1",
        "trip_time_1",
        "flight_time_1",
        "night_time_1",
        "uplift_ltr_1",
        "ramp_fuel_1",
        "arr_fuel_1",
        "total_fuel_1",
        "fuel_page_no_1",
        "atl_no_2",
        "flight_no_2",
        "from_2",
        "to_2",
        "off_block_2",
        "takeoff_2",
        "landing_2",
        "on_block_2",
        "trip_time_2",
        "flight_time_2",
        "night_time_2",
        "uplift_ltr_2",
        "ramp_fuel_2",
        "arr_fuel_2",
        "total_fuel_2",
        "fuel_page_no_2",
        "atl_no_3",
        "flight_no_3",
        "from_3",
        "to_3",
        "off_block_3",
        "takeoff_3",
        "landing_3",
        "on_block_3",
        "trip_time_3",
        "flight_time_3",
        "night_time_3",
        "uplift_ltr_3",
        "ramp_fuel_3",
        "arr_fuel_3",
        "total_fuel_3",
        "fuel_page_no_3",
        "atl_no_4",
        "flight_no_4",
        "from_4",
        "to_4",
        "off_block_4",
        "takeoff_4",
        "landing_4",
        "on_block_4",
        "trip_time_4",
        "flight_time_4",
        "night_time_4",
        "uplift_ltr_4",
        "ramp_fuel_4",
        "arr_fuel_4",
        "total_fuel_4",
        "fuel_page_no_4",
        "crew_rank_1",
        "crew_name_1",
        "crew_national_id_1",
        "reporting_hr_1",
        "reporting_min_1",
        "eng_shutdown_hr_1",
        "eng_shutdown_min_1",
        "fdp_time_1",
        "commander_comments",
        "crew_rank_2",
        "crew_name_2",
        "crew_national_id_2",
        "reporting_hr_2",
        "reporting_min_2",
        "eng_shutdown_hr_2",
        "eng_shutdown_min_2",
        "fdp_time_2",
        "crew_rank_3",
        "crew_name_3",
        "crew_national_id_3",
        "reporting_hr_3",
        "reporting_min_3",
        "eng_shutdown_hr_3",
        "eng_shutdown_min_3",
        "fdp_time_3",
        "crew_rank_4",
        "crew_name_4",
        "crew_national_id_4",
        "reporting_hr_4",
        "reporting_min_4",
        "eng_shutdown_hr_4",
        "eng_shutdown_min_4",
        "fdp_time_4",
        "crew_rank_5",
        "crew_name_5",
        "crew_national_id_5",
        "reporting_hr_5",
        "reporting_min_5",
        "eng_shutdown_hr_5",
        "eng_shutdown_min_5",
        "fdp_time_5",
        "crew_rank_6",
        "crew_name_6",
        "crew_national_id_6",
        "reporting_hr_6",
        "reporting_min_6",
        "eng_shutdown_hr_6",
        "eng_shutdown_min_6",
        "fdp_time_6",
        "commander_signature"
    ],
    "pilot_name": "Amir Hossein Khaki",
    "log_date": "2025-11-18"
}
--------------------------------------------------------------------------------
2025-11-18 21:23:14 - {
    "timestamp": "2025-11-18 21:23:14",
    "error_message": "Table 'journey_log' does not exist. Please run 'database\/create_journey_log_table.sql' to create it.",
    "exception_type": "Exception",
    "file": "\/home\/raiops\/public_html\/config.php",
    "line": 7416,
    "trace": "#0 \/home\/raiops\/public_html\/admin\/operations\/journey_log.php(24): saveJourneyLogFormData('Amir Hossein Kh...', '2025-11-18', Array)\n#1 {main}",
    "form_data_keys": [
        "pilot_name",
        "selected_date",
        "sector_aircraft_type",
        "sector_aircraft_reg",
        "sector_date",
        "sector1_cm1",
        "sector1_cm2",
        "sector2_cm1",
        "sector2_cm2",
        "sector3_cm1",
        "sector3_cm2",
        "sector4_cm1",
        "sector4_cm2",
        "sector_number",
        "atl_no_1",
        "flight_no_1",
        "from_1",
        "to_1",
        "off_block_1",
        "takeoff_1",
        "landing_1",
        "on_block_1",
        "trip_time_1",
        "flight_time_1",
        "night_time_1",
        "uplift_ltr_1",
        "ramp_fuel_1",
        "arr_fuel_1",
        "total_fuel_1",
        "fuel_page_no_1",
        "atl_no_2",
        "flight_no_2",
        "from_2",
        "to_2",
        "off_block_2",
        "takeoff_2",
        "landing_2",
        "on_block_2",
        "trip_time_2",
        "flight_time_2",
        "night_time_2",
        "uplift_ltr_2",
        "ramp_fuel_2",
        "arr_fuel_2",
        "total_fuel_2",
        "fuel_page_no_2",
        "atl_no_3",
        "flight_no_3",
        "from_3",
        "to_3",
        "off_block_3",
        "takeoff_3",
        "landing_3",
        "on_block_3",
        "trip_time_3",
        "flight_time_3",
        "night_time_3",
        "uplift_ltr_3",
        "ramp_fuel_3",
        "arr_fuel_3",
        "total_fuel_3",
        "fuel_page_no_3",
        "atl_no_4",
        "flight_no_4",
        "from_4",
        "to_4",
        "off_block_4",
        "takeoff_4",
        "landing_4",
        "on_block_4",
        "trip_time_4",
        "flight_time_4",
        "night_time_4",
        "uplift_ltr_4",
        "ramp_fuel_4",
        "arr_fuel_4",
        "total_fuel_4",
        "fuel_page_no_4",
        "crew_rank_1",
        "crew_name_1",
        "crew_national_id_1",
        "reporting_hr_1",
        "reporting_min_1",
        "eng_shutdown_hr_1",
        "eng_shutdown_min_1",
        "fdp_time_1",
        "commander_comments",
        "crew_rank_2",
        "crew_name_2",
        "crew_national_id_2",
        "reporting_hr_2",
        "reporting_min_2",
        "eng_shutdown_hr_2",
        "eng_shutdown_min_2",
        "fdp_time_2",
        "crew_rank_3",
        "crew_name_3",
        "crew_national_id_3",
        "reporting_hr_3",
        "reporting_min_3",
        "eng_shutdown_hr_3",
        "eng_shutdown_min_3",
        "fdp_time_3",
        "crew_rank_4",
        "crew_name_4",
        "crew_national_id_4",
        "reporting_hr_4",
        "reporting_min_4",
        "eng_shutdown_hr_4",
        "eng_shutdown_min_4",
        "fdp_time_4",
        "crew_rank_5",
        "crew_name_5",
        "crew_national_id_5",
        "reporting_hr_5",
        "reporting_min_5",
        "eng_shutdown_hr_5",
        "eng_shutdown_min_5",
        "fdp_time_5",
        "crew_rank_6",
        "crew_name_6",
        "crew_national_id_6",
        "reporting_hr_6",
        "reporting_min_6",
        "eng_shutdown_hr_6",
        "eng_shutdown_min_6",
        "fdp_time_6",
        "commander_signature"
    ],
    "form_data_count": 128,
    "pilot_name": "Amir Hossein Khaki",
    "log_date": "2025-11-18",
    "values_count": "N\/A",
    "flights_data_count": "N\/A",
    "crew_data_count": "N\/A"
}
--------------------------------------------------------------------------------
2025-11-19 11:01:16 - {
    "message": "Error inserting into journey_log: SQLSTATE[22007]: Invalid datetime format: 1366 Incorrect integer value: '' for column `raiops_data`.`journey_log`.`sector_number` at row 1 | SQL State: 22007 | Driver Error: Incorrect integer value: '' for column `raiops_data`.`journey_log`.`sector_number` at row 1 | Check error logs for details.",
    "file": "\/home\/raiops\/public_html\/config.php",
    "line": 7556,
    "trace": "#0 \/home\/raiops\/public_html\/admin\/operations\/journey_log.php(24): saveJourneyLogFormData('Amir Hossein Kh...', '2025-11-19', Array)\n#1 {main}",
    "form_data_keys": [
        "pilot_name",
        "selected_date",
        "sector_aircraft_type",
        "sector_aircraft_reg",
        "sector_date",
        "sector1_cm1",
        "sector1_cm2",
        "sector2_cm1",
        "sector2_cm2",
        "sector3_cm1",
        "sector3_cm2",
        "sector4_cm1",
        "sector4_cm2",
        "sector_number",
        "atl_no_1",
        "flight_no_1",
        "from_1",
        "to_1",
        "off_block_1",
        "takeoff_1",
        "landing_1",
        "on_block_1",
        "trip_time_1",
        "flight_time_1",
        "night_time_1",
        "uplift_ltr_1",
        "ramp_fuel_1",
        "arr_fuel_1",
        "total_fuel_1",
        "fuel_page_no_1",
        "atl_no_2",
        "flight_no_2",
        "from_2",
        "to_2",
        "off_block_2",
        "takeoff_2",
        "landing_2",
        "on_block_2",
        "trip_time_2",
        "flight_time_2",
        "night_time_2",
        "uplift_ltr_2",
        "ramp_fuel_2",
        "arr_fuel_2",
        "total_fuel_2",
        "fuel_page_no_2",
        "crew_rank_1",
        "crew_name_1",
        "crew_national_id_1",
        "reporting_hr_1",
        "reporting_min_1",
        "eng_shutdown_hr_1",
        "eng_shutdown_min_1",
        "fdp_time_1",
        "commander_comments",
        "crew_rank_2",
        "crew_name_2",
        "crew_national_id_2",
        "reporting_hr_2",
        "reporting_min_2",
        "eng_shutdown_hr_2",
        "eng_shutdown_min_2",
        "fdp_time_2",
        "crew_rank_3",
        "crew_name_3",
        "crew_national_id_3",
        "reporting_hr_3",
        "reporting_min_3",
        "eng_shutdown_hr_3",
        "eng_shutdown_min_3",
        "fdp_time_3",
        "crew_rank_4",
        "crew_name_4",
        "crew_national_id_4",
        "reporting_hr_4",
        "reporting_min_4",
        "eng_shutdown_hr_4",
        "eng_shutdown_min_4",
        "fdp_time_4",
        "crew_rank_5",
        "crew_name_5",
        "crew_national_id_5",
        "reporting_hr_5",
        "reporting_min_5",
        "eng_shutdown_hr_5",
        "eng_shutdown_min_5",
        "fdp_time_5",
        "commander_signature"
    ],
    "pilot_name": "Amir Hossein Khaki",
    "log_date": "2025-11-19"
}
--------------------------------------------------------------------------------
2025-11-19 11:01:38 - {
    "message": "Error inserting into journey_log: SQLSTATE[22007]: Invalid datetime format: 1366 Incorrect integer value: '' for column `raiops_data`.`journey_log`.`sector_number` at row 1 | SQL State: 22007 | Driver Error: Incorrect integer value: '' for column `raiops_data`.`journey_log`.`sector_number` at row 1 | Check error logs for details.",
    "file": "\/home\/raiops\/public_html\/config.php",
    "line": 7556,
    "trace": "#0 \/home\/raiops\/public_html\/admin\/operations\/journey_log.php(24): saveJourneyLogFormData('Amir Hossein Kh...', '2025-11-19', Array)\n#1 {main}",
    "form_data_keys": [
        "pilot_name",
        "selected_date",
        "sector_aircraft_type",
        "sector_aircraft_reg",
        "sector_date",
        "sector1_cm1",
        "sector1_cm2",
        "sector2_cm1",
        "sector2_cm2",
        "sector3_cm1",
        "sector3_cm2",
        "sector4_cm1",
        "sector4_cm2",
        "sector_number",
        "atl_no_1",
        "flight_no_1",
        "from_1",
        "to_1",
        "off_block_1",
        "takeoff_1",
        "landing_1",
        "on_block_1",
        "trip_time_1",
        "flight_time_1",
        "night_time_1",
        "uplift_ltr_1",
        "ramp_fuel_1",
        "arr_fuel_1",
        "total_fuel_1",
        "fuel_page_no_1",
        "atl_no_2",
        "flight_no_2",
        "from_2",
        "to_2",
        "off_block_2",
        "takeoff_2",
        "landing_2",
        "on_block_2",
        "trip_time_2",
        "flight_time_2",
        "night_time_2",
        "uplift_ltr_2",
        "ramp_fuel_2",
        "arr_fuel_2",
        "total_fuel_2",
        "fuel_page_no_2",
        "crew_rank_1",
        "crew_name_1",
        "crew_national_id_1",
        "reporting_hr_1",
        "reporting_min_1",
        "eng_shutdown_hr_1",
        "eng_shutdown_min_1",
        "fdp_time_1",
        "commander_comments",
        "crew_rank_2",
        "crew_name_2",
        "crew_national_id_2",
        "reporting_hr_2",
        "reporting_min_2",
        "eng_shutdown_hr_2",
        "eng_shutdown_min_2",
        "fdp_time_2",
        "crew_rank_3",
        "crew_name_3",
        "crew_national_id_3",
        "reporting_hr_3",
        "reporting_min_3",
        "eng_shutdown_hr_3",
        "eng_shutdown_min_3",
        "fdp_time_3",
        "crew_rank_4",
        "crew_name_4",
        "crew_national_id_4",
        "reporting_hr_4",
        "reporting_min_4",
        "eng_shutdown_hr_4",
        "eng_shutdown_min_4",
        "fdp_time_4",
        "crew_rank_5",
        "crew_name_5",
        "crew_national_id_5",
        "reporting_hr_5",
        "reporting_min_5",
        "eng_shutdown_hr_5",
        "eng_shutdown_min_5",
        "fdp_time_5",
        "commander_signature"
    ],
    "pilot_name": "Amir Hossein Khaki",
    "log_date": "2025-11-19"
}
--------------------------------------------------------------------------------
2025-11-19 11:01:41 - {
    "message": "Error inserting into journey_log: SQLSTATE[22007]: Invalid datetime format: 1366 Incorrect integer value: '' for column `raiops_data`.`journey_log`.`sector_number` at row 1 | SQL State: 22007 | Driver Error: Incorrect integer value: '' for column `raiops_data`.`journey_log`.`sector_number` at row 1 | Check error logs for details.",
    "file": "\/home\/raiops\/public_html\/config.php",
    "line": 7556,
    "trace": "#0 \/home\/raiops\/public_html\/admin\/operations\/journey_log.php(24): saveJourneyLogFormData('Amir Hossein Kh...', '2025-11-19', Array)\n#1 {main}",
    "form_data_keys": [
        "pilot_name",
        "selected_date",
        "sector_aircraft_type",
        "sector_aircraft_reg",
        "sector_date",
        "sector1_cm1",
        "sector1_cm2",
        "sector2_cm1",
        "sector2_cm2",
        "sector3_cm1",
        "sector3_cm2",
        "sector4_cm1",
        "sector4_cm2",
        "sector_number",
        "atl_no_1",
        "flight_no_1",
        "from_1",
        "to_1",
        "off_block_1",
        "takeoff_1",
        "landing_1",
        "on_block_1",
        "trip_time_1",
        "flight_time_1",
        "night_time_1",
        "uplift_ltr_1",
        "ramp_fuel_1",
        "arr_fuel_1",
        "total_fuel_1",
        "fuel_page_no_1",
        "atl_no_2",
        "flight_no_2",
        "from_2",
        "to_2",
        "off_block_2",
        "takeoff_2",
        "landing_2",
        "on_block_2",
        "trip_time_2",
        "flight_time_2",
        "night_time_2",
        "uplift_ltr_2",
        "ramp_fuel_2",
        "arr_fuel_2",
        "total_fuel_2",
        "fuel_page_no_2",
        "crew_rank_1",
        "crew_name_1",
        "crew_national_id_1",
        "reporting_hr_1",
        "reporting_min_1",
        "eng_shutdown_hr_1",
        "eng_shutdown_min_1",
        "fdp_time_1",
        "commander_comments",
        "crew_rank_2",
        "crew_name_2",
        "crew_national_id_2",
        "reporting_hr_2",
        "reporting_min_2",
        "eng_shutdown_hr_2",
        "eng_shutdown_min_2",
        "fdp_time_2",
        "crew_rank_3",
        "crew_name_3",
        "crew_national_id_3",
        "reporting_hr_3",
        "reporting_min_3",
        "eng_shutdown_hr_3",
        "eng_shutdown_min_3",
        "fdp_time_3",
        "crew_rank_4",
        "crew_name_4",
        "crew_national_id_4",
        "reporting_hr_4",
        "reporting_min_4",
        "eng_shutdown_hr_4",
        "eng_shutdown_min_4",
        "fdp_time_4",
        "crew_rank_5",
        "crew_name_5",
        "crew_national_id_5",
        "reporting_hr_5",
        "reporting_min_5",
        "eng_shutdown_hr_5",
        "eng_shutdown_min_5",
        "fdp_time_5",
        "commander_signature"
    ],
    "pilot_name": "Amir Hossein Khaki",
    "log_date": "2025-11-19"
}
--------------------------------------------------------------------------------
2025-11-19 11:02:06 - {
    "message": "Error inserting into journey_log: SQLSTATE[22007]: Invalid datetime format: 1366 Incorrect integer value: '' for column `raiops_data`.`journey_log`.`sector_number` at row 1 | SQL State: 22007 | Driver Error: Incorrect integer value: '' for column `raiops_data`.`journey_log`.`sector_number` at row 1 | Check error logs for details.",
    "file": "\/home\/raiops\/public_html\/config.php",
    "line": 7556,
    "trace": "#0 \/home\/raiops\/public_html\/admin\/operations\/journey_log.php(24): saveJourneyLogFormData('Nima Ayrempour', '2025-11-18', Array)\n#1 {main}",
    "form_data_keys": [
        "pilot_name",
        "selected_date",
        "sector_aircraft_type",
        "sector_aircraft_reg",
        "sector_date",
        "sector1_cm1",
        "sector1_cm2",
        "sector2_cm1",
        "sector2_cm2",
        "sector3_cm1",
        "sector3_cm2",
        "sector4_cm1",
        "sector4_cm2",
        "sector_number",
        "atl_no_1",
        "flight_no_1",
        "from_1",
        "to_1",
        "off_block_1",
        "takeoff_1",
        "landing_1",
        "on_block_1",
        "trip_time_1",
        "flight_time_1",
        "night_time_1",
        "uplift_ltr_1",
        "ramp_fuel_1",
        "arr_fuel_1",
        "total_fuel_1",
        "fuel_page_no_1",
        "atl_no_2",
        "flight_no_2",
        "from_2",
        "to_2",
        "off_block_2",
        "takeoff_2",
        "landing_2",
        "on_block_2",
        "trip_time_2",
        "flight_time_2",
        "night_time_2",
        "uplift_ltr_2",
        "ramp_fuel_2",
        "arr_fuel_2",
        "total_fuel_2",
        "fuel_page_no_2",
        "atl_no_3",
        "flight_no_3",
        "from_3",
        "to_3",
        "off_block_3",
        "takeoff_3",
        "landing_3",
        "on_block_3",
        "trip_time_3",
        "flight_time_3",
        "night_time_3",
        "uplift_ltr_3",
        "ramp_fuel_3",
        "arr_fuel_3",
        "total_fuel_3",
        "fuel_page_no_3",
        "crew_rank_1",
        "crew_name_1",
        "crew_national_id_1",
        "reporting_hr_1",
        "reporting_min_1",
        "eng_shutdown_hr_1",
        "eng_shutdown_min_1",
        "fdp_time_1",
        "commander_comments",
        "crew_rank_2",
        "crew_name_2",
        "crew_national_id_2",
        "reporting_hr_2",
        "reporting_min_2",
        "eng_shutdown_hr_2",
        "eng_shutdown_min_2",
        "fdp_time_2",
        "crew_rank_3",
        "crew_name_3",
        "crew_national_id_3",
        "reporting_hr_3",
        "reporting_min_3",
        "eng_shutdown_hr_3",
        "eng_shutdown_min_3",
        "fdp_time_3",
        "crew_rank_4",
        "crew_name_4",
        "crew_national_id_4",
        "reporting_hr_4",
        "reporting_min_4",
        "eng_shutdown_hr_4",
        "eng_shutdown_min_4",
        "fdp_time_4",
        "commander_signature"
    ],
    "pilot_name": "Nima Ayrempour",
    "log_date": "2025-11-18"
}
--------------------------------------------------------------------------------
2025-11-19 11:04:45 - {
    "message": "Error inserting into journey_log: SQLSTATE[22007]: Invalid datetime format: 1366 Incorrect integer value: '' for column `raiops_data`.`journey_log`.`sector_number` at row 1 | SQL State: 22007 | Driver Error: Incorrect integer value: '' for column `raiops_data`.`journey_log`.`sector_number` at row 1 | Check error logs for details.",
    "file": "\/home\/raiops\/public_html\/config.php",
    "line": 7556,
    "trace": "#0 \/home\/raiops\/public_html\/admin\/operations\/journey_log.php(24): saveJourneyLogFormData('Amir Hossein Kh...', '2025-11-18', Array)\n#1 {main}",
    "form_data_keys": [
        "pilot_name",
        "selected_date",
        "sector_aircraft_type",
        "sector_aircraft_reg",
        "sector_date",
        "sector1_cm1",
        "sector1_cm2",
        "sector2_cm1",
        "sector2_cm2",
        "sector3_cm1",
        "sector3_cm2",
        "sector4_cm1",
        "sector4_cm2",
        "sector_number",
        "atl_no_1",
        "flight_no_1",
        "from_1",
        "to_1",
        "off_block_1",
        "takeoff_1",
        "landing_1",
        "on_block_1",
        "trip_time_1",
        "flight_time_1",
        "night_time_1",
        "uplift_ltr_1",
        "ramp_fuel_1",
        "arr_fuel_1",
        "total_fuel_1",
        "fuel_page_no_1",
        "atl_no_2",
        "flight_no_2",
        "from_2",
        "to_2",
        "off_block_2",
        "takeoff_2",
        "landing_2",
        "on_block_2",
        "trip_time_2",
        "flight_time_2",
        "night_time_2",
        "uplift_ltr_2",
        "ramp_fuel_2",
        "arr_fuel_2",
        "total_fuel_2",
        "fuel_page_no_2",
        "atl_no_3",
        "flight_no_3",
        "from_3",
        "to_3",
        "off_block_3",
        "takeoff_3",
        "landing_3",
        "on_block_3",
        "trip_time_3",
        "flight_time_3",
        "night_time_3",
        "uplift_ltr_3",
        "ramp_fuel_3",
        "arr_fuel_3",
        "total_fuel_3",
        "fuel_page_no_3",
        "atl_no_4",
        "flight_no_4",
        "from_4",
        "to_4",
        "off_block_4",
        "takeoff_4",
        "landing_4",
        "on_block_4",
        "trip_time_4",
        "flight_time_4",
        "night_time_4",
        "uplift_ltr_4",
        "ramp_fuel_4",
        "arr_fuel_4",
        "total_fuel_4",
        "fuel_page_no_4",
        "crew_rank_1",
        "crew_name_1",
        "crew_national_id_1",
        "reporting_hr_1",
        "reporting_min_1",
        "eng_shutdown_hr_1",
        "eng_shutdown_min_1",
        "fdp_time_1",
        "commander_comments",
        "crew_rank_2",
        "crew_name_2",
        "crew_national_id_2",
        "reporting_hr_2",
        "reporting_min_2",
        "eng_shutdown_hr_2",
        "eng_shutdown_min_2",
        "fdp_time_2",
        "crew_rank_3",
        "crew_name_3",
        "crew_national_id_3",
        "reporting_hr_3",
        "reporting_min_3",
        "eng_shutdown_hr_3",
        "eng_shutdown_min_3",
        "fdp_time_3",
        "crew_rank_4",
        "crew_name_4",
        "crew_national_id_4",
        "reporting_hr_4",
        "reporting_min_4",
        "eng_shutdown_hr_4",
        "eng_shutdown_min_4",
        "fdp_time_4",
        "crew_rank_5",
        "crew_name_5",
        "crew_national_id_5",
        "reporting_hr_5",
        "reporting_min_5",
        "eng_shutdown_hr_5",
        "eng_shutdown_min_5",
        "fdp_time_5",
        "crew_rank_6",
        "crew_name_6",
        "crew_national_id_6",
        "reporting_hr_6",
        "reporting_min_6",
        "eng_shutdown_hr_6",
        "eng_shutdown_min_6",
        "fdp_time_6",
        "commander_signature"
    ],
    "pilot_name": "Amir Hossein Khaki",
    "log_date": "2025-11-18"
}
--------------------------------------------------------------------------------
