2025-11-16 12:33:22 - {
    "timestamp": "2025-11-16 12:33:22",
    "user_id": "70",
    "result": "success",
    "data_fields": [
        "first_name",
        "last_name",
        "position",
        "username",
        "asic_number",
        "national_id",
        "date_of_birth",
        "employment_history",
        "probationary_date",
        "standalone_period_wp",
        "performance_review",
        "address_line_1",
        "address_line_2",
        "latitude",
        "longitude",
        "suburb_city",
        "postcode",
        "state",
        "country",
        "phone",
        "mobile",
        "alternative_mobile",
        "fax",
        "email",
        "alternate_email",
        "emergency_contact_name",
        "emergency_contact_number",
        "emergency_contact_email",
        "emergency_contact_alternate_email",
        "passport_number",
        "passport_nationality",
        "passport_expiry_date",
        "driver_licence_number",
        "frequent_flyer_number",
        "other_award_scheme_name",
        "other_award_scheme_number",
        "individual_leave_entitlements",
        "using_standalone_annual_leave",
        "leave_days",
        "roles_groups",
        "selected_roles_groups",
        "receive_scheduled_emails",
        "role_id",
        "status",
        "flight_crew"
    ],
    "data_count": 45,
    "fields_to_update": [
        "`first_name` = ?",
        "`last_name` = ?",
        "`position` = ?",
        "`username` = ?",
        "`asic_number` = ?",
        "`national_id` = ?",
        "`date_of_birth` = ?",
        "`employment_history` = ?",
        "`probationary_date` = ?",
        "`standalone_period_wp` = ?",
        "`performance_review` = ?",
        "`address_line_1` = ?",
        "`address_line_2` = ?",
        "`latitude` = ?",
        "`longitude` = ?",
        "`suburb_city` = ?",
        "`postcode` = ?",
        "`state` = ?",
        "`country` = ?",
        "`phone` = ?",
        "`mobile` = ?",
        "`alternative_mobile` = ?",
        "`fax` = ?",
        "`email` = ?",
        "`alternate_email` = ?",
        "`emergency_contact_name` = ?",
        "`emergency_contact_number` = ?",
        "`emergency_contact_email` = ?",
        "`emergency_contact_alternate_email` = ?",
        "`passport_number` = ?",
        "`passport_nationality` = ?",
        "`passport_expiry_date` = ?",
        "`driver_licence_number` = ?",
        "`frequent_flyer_number` = ?",
        "`other_award_scheme_name` = ?",
        "`other_award_scheme_number` = ?",
        "`individual_leave_entitlements` = ?",
        "`using_standalone_annual_leave` = ?",
        "`leave_days` = ?",
        "`roles_groups` = ?",
        "`selected_roles_groups` = ?",
        "`receive_scheduled_emails` = ?",
        "`role_id` = ?",
        "`status` = ?",
        "`flight_crew` = ?"
    ],
    "values_count": 45,
    "sql_query": "UPDATE users SET `first_name` = ?, `last_name` = ?, `position` = ?, `username` = ?, `asic_number` = ?, `national_id` = ?, `date_of_birth` = ?, `employment_history` = ?, `probationary_date` = ?, `standalone_period_wp` = ?, `performance_review` = ?, `address_line_1` = ?, `address_line_2` = ?, `latitude` = ?, `longitude` = ?, `suburb_city` = ?, `postcode` = ?, `state` = ?, `country` = ?, `phone` = ?, `mobile` = ?, `alternative_mobile` = ?, `fax` = ?, `email` = ?, `alternate_email` = ?, `emergency_contact_name` = ?, `emergency_contact_number` = ?, `emergency_contact_email` = ?, `emergency_contact_alternate_email` = ?, `passport_number` = ?, `passport_nationality` = ?, `passport_expiry_date` = ?, `driver_licence_number` = ?, `frequent_flyer_number` = ?, `other_award_scheme_name` = ?, `other_award_scheme_number` = ?, `individual_leave_entitlements` = ?, `using_standalone_annual_leave` = ?, `leave_days` = ?, `roles_groups` = ?, `selected_roles_groups` = ?, `receive_scheduled_emails` = ?, `role_id` = ?, `status` = ?, `flight_crew` = ? WHERE id = ?",
    "sql_values": [
        "Hasan",
        "Ghanbari",
        "Frontend Expert",
        "Ghanbari.h",
        "430900233",
        "0590261533",
        null,
        "",
        null,
        "",
        "",
        "",
        "",
        "",
        "",
        "Tehran",
        "",
        "",
        "",
        "",
        "+989101551518",
        "",
        "",
        "Ghanbari.h@raimonairways.ir",
        "Ghanbari.h@raimonairways.net",
        "",
        "",
        "",
        "",
        "",
        "",
        null,
        "",
        "",
        "",
        "",
        "",
        0,
        0,
        "",
        "",
        1,
        1,
        "active",
        0,
        "70"
    ],
    "affected_rows": 1,
    "db_connection": "success",
    "error": null,
    "exception_message": null,
    "exception_code": null,
    "exception_file": null,
    "exception_line": null,
    "pdo_error": null,
    "server_info": {
        "php_version": "8.2.12",
        "server_software": "Apache\/2.4.58 (Win64) OpenSSL\/3.1.3 PHP\/8.2.12",
        "document_root": "C:\/xampp\/htdocs",
        "request_uri": "\/admin\/users\/edit.php?id=70",
        "user_agent": "Mozilla\/5.0 (Windows NT 10.0; Win64; x64) AppleWebKit\/537.36 (KHTML, like Gecko) Chrome\/142.0.0.0 Safari\/537.36"
    }
}
--------------------------------------------------------------------------------
2025-11-16 12:33:32 - {
    "timestamp": "2025-11-16 12:33:32",
    "user_id": "70",
    "result": "success",
    "data_fields": [
        "first_name",
        "last_name",
        "position",
        "username",
        "asic_number",
        "national_id",
        "date_of_birth",
        "employment_history",
        "probationary_date",
        "standalone_period_wp",
        "performance_review",
        "address_line_1",
        "address_line_2",
        "latitude",
        "longitude",
        "suburb_city",
        "postcode",
        "state",
        "country",
        "phone",
        "mobile",
        "alternative_mobile",
        "fax",
        "email",
        "alternate_email",
        "emergency_contact_name",
        "emergency_contact_number",
        "emergency_contact_email",
        "emergency_contact_alternate_email",
        "passport_number",
        "passport_nationality",
        "passport_expiry_date",
        "driver_licence_number",
        "frequent_flyer_number",
        "other_award_scheme_name",
        "other_award_scheme_number",
        "individual_leave_entitlements",
        "using_standalone_annual_leave",
        "leave_days",
        "roles_groups",
        "selected_roles_groups",
        "receive_scheduled_emails",
        "role_id",
        "status",
        "flight_crew"
    ],
    "data_count": 45,
    "fields_to_update": [
        "`first_name` = ?",
        "`last_name` = ?",
        "`position` = ?",
        "`username` = ?",
        "`asic_number` = ?",
        "`national_id` = ?",
        "`date_of_birth` = ?",
        "`employment_history` = ?",
        "`probationary_date` = ?",
        "`standalone_period_wp` = ?",
        "`performance_review` = ?",
        "`address_line_1` = ?",
        "`address_line_2` = ?",
        "`latitude` = ?",
        "`longitude` = ?",
        "`suburb_city` = ?",
        "`postcode` = ?",
        "`state` = ?",
        "`country` = ?",
        "`phone` = ?",
        "`mobile` = ?",
        "`alternative_mobile` = ?",
        "`fax` = ?",
        "`email` = ?",
        "`alternate_email` = ?",
        "`emergency_contact_name` = ?",
        "`emergency_contact_number` = ?",
        "`emergency_contact_email` = ?",
        "`emergency_contact_alternate_email` = ?",
        "`passport_number` = ?",
        "`passport_nationality` = ?",
        "`passport_expiry_date` = ?",
        "`driver_licence_number` = ?",
        "`frequent_flyer_number` = ?",
        "`other_award_scheme_name` = ?",
        "`other_award_scheme_number` = ?",
        "`individual_leave_entitlements` = ?",
        "`using_standalone_annual_leave` = ?",
        "`leave_days` = ?",
        "`roles_groups` = ?",
        "`selected_roles_groups` = ?",
        "`receive_scheduled_emails` = ?",
        "`role_id` = ?",
        "`status` = ?",
        "`flight_crew` = ?"
    ],
    "values_count": 45,
    "sql_query": "UPDATE users SET `first_name` = ?, `last_name` = ?, `position` = ?, `username` = ?, `asic_number` = ?, `national_id` = ?, `date_of_birth` = ?, `employment_history` = ?, `probationary_date` = ?, `standalone_period_wp` = ?, `performance_review` = ?, `address_line_1` = ?, `address_line_2` = ?, `latitude` = ?, `longitude` = ?, `suburb_city` = ?, `postcode` = ?, `state` = ?, `country` = ?, `phone` = ?, `mobile` = ?, `alternative_mobile` = ?, `fax` = ?, `email` = ?, `alternate_email` = ?, `emergency_contact_name` = ?, `emergency_contact_number` = ?, `emergency_contact_email` = ?, `emergency_contact_alternate_email` = ?, `passport_number` = ?, `passport_nationality` = ?, `passport_expiry_date` = ?, `driver_licence_number` = ?, `frequent_flyer_number` = ?, `other_award_scheme_name` = ?, `other_award_scheme_number` = ?, `individual_leave_entitlements` = ?, `using_standalone_annual_leave` = ?, `leave_days` = ?, `roles_groups` = ?, `selected_roles_groups` = ?, `receive_scheduled_emails` = ?, `role_id` = ?, `status` = ?, `flight_crew` = ? WHERE id = ?",
    "sql_values": [
        "Hasan",
        "Ghanbari",
        "Frontend Expert",
        "Ghanbari.h",
        "430900233",
        "0590261533",
        null,
        "",
        null,
        "",
        "",
        "",
        "",
        "",
        "",
        "Tehran",
        "",
        "",
        "",
        "",
        "+989101551518",
        "",
        "",
        "Ghanbari.h@raimonairways.ir",
        "Ghanbari.h@raimonairways.net",
        "",
        "",
        "",
        "",
        "",
        "",
        null,
        "",
        "",
        "",
        "",
        "",
        0,
        0,
        "",
        "",
        1,
        1,
        "active",
        0,
        "70"
    ],
    "affected_rows": 0,
    "db_connection": "success",
    "error": null,
    "exception_message": null,
    "exception_code": null,
    "exception_file": null,
    "exception_line": null,
    "pdo_error": null,
    "server_info": {
        "php_version": "8.2.12",
        "server_software": "Apache\/2.4.58 (Win64) OpenSSL\/3.1.3 PHP\/8.2.12",
        "document_root": "C:\/xampp\/htdocs",
        "request_uri": "\/admin\/users\/edit.php?id=70",
        "user_agent": "Mozilla\/5.0 (Windows NT 10.0; Win64; x64) AppleWebKit\/537.36 (KHTML, like Gecko) Chrome\/142.0.0.0 Safari\/537.36"
    }
}
--------------------------------------------------------------------------------
